SF:/home/g4/_prj/weaveback/crates/weaveback-api/src/apply_back.rs
FN:77,_RNvMs2_NtCsaY2CvWUtqiY_13weaveback_api10apply_backNtB5_11PatchSource8src_file
FN:217,_RNvNtCsaY2CvWUtqiY_13weaveback_api10apply_back11splice_line
FN:1164,_RNvNtCsaY2CvWUtqiY_13weaveback_api10apply_back12strip_indent
FN:447,_RNvNtCsaY2CvWUtqiY_13weaveback_api10apply_back14rank_candidate
FN:1168,_RNvNtCsaY2CvWUtqiY_13weaveback_api10apply_back14run_apply_back
FN:174,_RNvNtCsaY2CvWUtqiY_13weaveback_api10apply_back15fuzzy_find_line
FN:198,_RNvNtCsaY2CvWUtqiY_13weaveback_api10apply_back16verify_candidate
FN:89,_RNvNtCsaY2CvWUtqiY_13weaveback_api10apply_back17patch_source_rank
FN:479,_RNvNtCsaY2CvWUtqiY_13weaveback_api10apply_back19chunk_context_bonus
FN:863,_RNvNtCsaY2CvWUtqiY_13weaveback_api10apply_back19lsp_definition_hint
FN:499,_RNvNtCsaY2CvWUtqiY_13weaveback_api10apply_back19resolve_noweb_entry
FN:225,_RNvNtCsaY2CvWUtqiY_13weaveback_api10apply_back19token_overlap_score
FN:243,_RNvNtCsaY2CvWUtqiY_13weaveback_api10apply_back20differing_token_pair
FN:685,_RNvNtCsaY2CvWUtqiY_13weaveback_api10apply_back20resolve_patch_source
FN:999,_RNvNtCsaY2CvWUtqiY_13weaveback_api10apply_back21apply_patches_to_file
FN:464,_RNvNtCsaY2CvWUtqiY_13weaveback_api10apply_back21choose_best_candidate
FN:100,_RNvNtCsaY2CvWUtqiY_13weaveback_api10apply_back21patch_source_location
FN:342,_RNvNtCsaY2CvWUtqiY_13weaveback_api10apply_back22attempt_macro_body_fix
FN:414,_RNvNtCsaY2CvWUtqiY_13weaveback_api10apply_back22candidate_line_indices
FN:280,_RNvNtCsaY2CvWUtqiY_13weaveback_api10apply_back23attempt_macro_arg_patch
FN:786,_RNvNtCsaY2CvWUtqiY_13weaveback_api10apply_back25resolve_best_patch_source
FN:516,_RNvNtCsaY2CvWUtqiY_13weaveback_api10apply_back26search_macro_arg_candidate
FN:567,_RNvNtCsaY2CvWUtqiY_13weaveback_api10apply_back27search_macro_body_candidate
FN:619,_RNvNtCsaY2CvWUtqiY_13weaveback_api10apply_back27search_macro_call_candidate
FN:908,_RNvNtCsaY2CvWUtqiY_13weaveback_api10apply_back8do_patch
FN:226,_RNvNvNtCsaY2CvWUtqiY_13weaveback_api10apply_back19token_overlap_score6tokens
FN:244,_RNvNvNtCsaY2CvWUtqiY_13weaveback_api10apply_back20differing_token_pair6tokens
FN:23,_RNvXNtCsaY2CvWUtqiY_13weaveback_api10apply_backNtB2_14ApplyBackErrorINtNtCs9yMf5VoQcqS_4core7convert4FromNtNtCs15Atq6sPk6z_16weaveback_tangle2db7DbErrorE4from
FN:29,_RNvXs0_NtCsaY2CvWUtqiY_13weaveback_api10apply_backNtB5_14ApplyBackErrorINtNtCs9yMf5VoQcqS_4core7convert4FromNtNtB7_6lookup11LookupErrorE4from
FN:33,_RNvXs1_NtCsaY2CvWUtqiY_13weaveback_api10apply_backNtB5_14ApplyBackErrorNtNtCs9yMf5VoQcqS_4core3fmt7Display3fmt
FN:26,_RNvXs_NtCsaY2CvWUtqiY_13weaveback_api10apply_backNtB4_14ApplyBackErrorINtNtCs9yMf5VoQcqS_4core7convert4FromNtNtNtCshbt5Cx3aOt7_3std2io5error5ErrorE4from
FN:1195,_RNCNCNvNtCsaY2CvWUtqiY_13weaveback_api10apply_back14run_apply_back00B7_
FN:1204,_RNCNCNvNtCsaY2CvWUtqiY_13weaveback_api10apply_back14run_apply_backs0_00B7_
FN:758,_RNCNCNvNtCsaY2CvWUtqiY_13weaveback_api10apply_back20resolve_patch_sources1_00B7_
FN:1038,_RNCNCNvNtCsaY2CvWUtqiY_13weaveback_api10apply_back21apply_patches_to_files_00B7_
FN:469,_RNCNCNvNtCsaY2CvWUtqiY_13weaveback_api10apply_back21choose_best_candidate00B7_
FN:218,_RNCNvNtCsaY2CvWUtqiY_13weaveback_api10apply_back11splice_line0B5_
FN:1195,_RNCNvNtCsaY2CvWUtqiY_13weaveback_api10apply_back14run_apply_back0B5_
FN:1204,_RNCNvNtCsaY2CvWUtqiY_13weaveback_api10apply_back14run_apply_backs0_0B5_
FN:1265,_RNCNvNtCsaY2CvWUtqiY_13weaveback_api10apply_back14run_apply_backs2_0B5_
FN:1334,_RNCNvNtCsaY2CvWUtqiY_13weaveback_api10apply_back14run_apply_backs3_0B5_
FN:1337,_RNCNvNtCsaY2CvWUtqiY_13weaveback_api10apply_back14run_apply_backs4_0B5_
FN:1338,_RNCNvNtCsaY2CvWUtqiY_13weaveback_api10apply_back14run_apply_backs5_0B5_
FN:1340,_RNCNvNtCsaY2CvWUtqiY_13weaveback_api10apply_back14run_apply_backs6_0B5_
FN:1341,_RNCNvNtCsaY2CvWUtqiY_13weaveback_api10apply_back14run_apply_backs7_0B5_
FN:1373,_RNCNvNtCsaY2CvWUtqiY_13weaveback_api10apply_back14run_apply_backs8_0B5_
FN:1376,_RNCNvNtCsaY2CvWUtqiY_13weaveback_api10apply_back14run_apply_backs9_0B5_
FN:1196,_RNCNvNtCsaY2CvWUtqiY_13weaveback_api10apply_back14run_apply_backs_0B5_
FN:1377,_RNCNvNtCsaY2CvWUtqiY_13weaveback_api10apply_back14run_apply_backsa_0B5_
FN:1380,_RNCNvNtCsaY2CvWUtqiY_13weaveback_api10apply_back14run_apply_backsb_0B5_
FN:1417,_RNCNvNtCsaY2CvWUtqiY_13weaveback_api10apply_back14run_apply_backsc_0B5_
FN:1449,_RNCNvNtCsaY2CvWUtqiY_13weaveback_api10apply_back14run_apply_backsd_0B5_
FN:488,_RNCNvNtCsaY2CvWUtqiY_13weaveback_api10apply_back19chunk_context_bonus0B5_
FN:236,_RNCNvNtCsaY2CvWUtqiY_13weaveback_api10apply_back19token_overlap_score0B5_
FN:259,_RNCNvNtCsaY2CvWUtqiY_13weaveback_api10apply_back20differing_token_pair0B5_
FN:706,_RNCNvNtCsaY2CvWUtqiY_13weaveback_api10apply_back20resolve_patch_source0B5_
FN:755,_RNCNvNtCsaY2CvWUtqiY_13weaveback_api10apply_back20resolve_patch_sources0_0B5_
FN:756,_RNCNvNtCsaY2CvWUtqiY_13weaveback_api10apply_back20resolve_patch_sources1_0B5_
FN:761,_RNCNvNtCsaY2CvWUtqiY_13weaveback_api10apply_back20resolve_patch_sources2_0B5_
FN:771,_RNCNvNtCsaY2CvWUtqiY_13weaveback_api10apply_back20resolve_patch_sources3_0B5_
FN:772,_RNCNvNtCsaY2CvWUtqiY_13weaveback_api10apply_back20resolve_patch_sources4_0B5_
FN:773,_RNCNvNtCsaY2CvWUtqiY_13weaveback_api10apply_back20resolve_patch_sources5_0B5_
FN:748,_RNCNvNtCsaY2CvWUtqiY_13weaveback_api10apply_back20resolve_patch_sources_0B5_
FN:1009,_RNCNvNtCsaY2CvWUtqiY_13weaveback_api10apply_back21apply_patches_to_file0B5_
FN:1038,_RNCNvNtCsaY2CvWUtqiY_13weaveback_api10apply_back21apply_patches_to_files_0B5_
FN:467,_RNCNvNtCsaY2CvWUtqiY_13weaveback_api10apply_back21choose_best_candidate0B5_
FN:472,_RNCNvNtCsaY2CvWUtqiY_13weaveback_api10apply_back21choose_best_candidates_0B5_
FN:421,_RNCNvNtCsaY2CvWUtqiY_13weaveback_api10apply_back22candidate_line_indices0B5_
FN:303,_RNCNvNtCsaY2CvWUtqiY_13weaveback_api10apply_back23attempt_macro_arg_patch0B5_
FN:307,_RNCNvNtCsaY2CvWUtqiY_13weaveback_api10apply_back23attempt_macro_arg_patchs_0B5_
FN:803,_RNCNvNtCsaY2CvWUtqiY_13weaveback_api10apply_back25resolve_best_patch_source0B5_
FN:860,_RNCNvNtCsaY2CvWUtqiY_13weaveback_api10apply_back25resolve_best_patch_sources_0B5_
FN:653,_RNCNvNtCsaY2CvWUtqiY_13weaveback_api10apply_back27search_macro_call_candidate0B5_
FN:655,_RNCNvNtCsaY2CvWUtqiY_13weaveback_api10apply_back27search_macro_call_candidates_0B5_
FN:946,_RNCNvNtCsaY2CvWUtqiY_13weaveback_api10apply_back8do_patch0B5_
FN:968,_RNCNvNtCsaY2CvWUtqiY_13weaveback_api10apply_back8do_patchs_0B5_
FN:227,_RNCNvNvNtCsaY2CvWUtqiY_13weaveback_api10apply_back19token_overlap_score6tokens0B7_
FN:229,_RNCNvNvNtCsaY2CvWUtqiY_13weaveback_api10apply_back19token_overlap_score6tokenss0_0B7_
FN:228,_RNCNvNvNtCsaY2CvWUtqiY_13weaveback_api10apply_back19token_overlap_score6tokenss_0B7_
FN:245,_RNCNvNvNtCsaY2CvWUtqiY_13weaveback_api10apply_back20differing_token_pair6tokens0B7_
FN:246,_RNCNvNvNtCsaY2CvWUtqiY_13weaveback_api10apply_back20differing_token_pair6tokenss_0B7_
FN:78,_RNvMs2_NtCs9svORWNbXMv_13weaveback_api10apply_backNtB5_11PatchSource8src_file
FN:218,_RNvNtCs9svORWNbXMv_13weaveback_api10apply_back11splice_line
FN:1165,_RNvNtCs9svORWNbXMv_13weaveback_api10apply_back12strip_indent
FN:448,_RNvNtCs9svORWNbXMv_13weaveback_api10apply_back14rank_candidate
FN:1169,_RNvNtCs9svORWNbXMv_13weaveback_api10apply_back14run_apply_back
FN:175,_RNvNtCs9svORWNbXMv_13weaveback_api10apply_back15fuzzy_find_line
FN:199,_RNvNtCs9svORWNbXMv_13weaveback_api10apply_back16verify_candidate
FN:90,_RNvNtCs9svORWNbXMv_13weaveback_api10apply_back17patch_source_rank
FN:480,_RNvNtCs9svORWNbXMv_13weaveback_api10apply_back19chunk_context_bonus
FN:864,_RNvNtCs9svORWNbXMv_13weaveback_api10apply_back19lsp_definition_hint
FN:500,_RNvNtCs9svORWNbXMv_13weaveback_api10apply_back19resolve_noweb_entry
FN:226,_RNvNtCs9svORWNbXMv_13weaveback_api10apply_back19token_overlap_score
FN:244,_RNvNtCs9svORWNbXMv_13weaveback_api10apply_back20differing_token_pair
FN:686,_RNvNtCs9svORWNbXMv_13weaveback_api10apply_back20resolve_patch_source
FN:1000,_RNvNtCs9svORWNbXMv_13weaveback_api10apply_back21apply_patches_to_file
FN:465,_RNvNtCs9svORWNbXMv_13weaveback_api10apply_back21choose_best_candidate
FN:101,_RNvNtCs9svORWNbXMv_13weaveback_api10apply_back21patch_source_location
FN:343,_RNvNtCs9svORWNbXMv_13weaveback_api10apply_back22attempt_macro_body_fix
FN:415,_RNvNtCs9svORWNbXMv_13weaveback_api10apply_back22candidate_line_indices
FN:281,_RNvNtCs9svORWNbXMv_13weaveback_api10apply_back23attempt_macro_arg_patch
FN:787,_RNvNtCs9svORWNbXMv_13weaveback_api10apply_back25resolve_best_patch_source
FN:517,_RNvNtCs9svORWNbXMv_13weaveback_api10apply_back26search_macro_arg_candidate
FN:568,_RNvNtCs9svORWNbXMv_13weaveback_api10apply_back27search_macro_body_candidate
FN:620,_RNvNtCs9svORWNbXMv_13weaveback_api10apply_back27search_macro_call_candidate
FN:909,_RNvNtCs9svORWNbXMv_13weaveback_api10apply_back8do_patch
FN:227,_RNvNvNtCs9svORWNbXMv_13weaveback_api10apply_back19token_overlap_score6tokens
FN:245,_RNvNvNtCs9svORWNbXMv_13weaveback_api10apply_back20differing_token_pair6tokens
FN:23,_RNvXNtCs9svORWNbXMv_13weaveback_api10apply_backNtB2_14ApplyBackErrorINtNtCs9yMf5VoQcqS_4core7convert4FromNtNtCsUfOgH5zVts_16weaveback_tangle2db7DbErrorE4from
FN:29,_RNvXs0_NtCs9svORWNbXMv_13weaveback_api10apply_backNtB5_14ApplyBackErrorINtNtCs9yMf5VoQcqS_4core7convert4FromNtNtB7_6lookup11LookupErrorE4from
FN:33,_RNvXs1_NtCs9svORWNbXMv_13weaveback_api10apply_backNtB5_14ApplyBackErrorNtNtCs9yMf5VoQcqS_4core3fmt7Display3fmt
FN:26,_RNvXs_NtCs9svORWNbXMv_13weaveback_api10apply_backNtB4_14ApplyBackErrorINtNtCs9yMf5VoQcqS_4core7convert4FromNtNtNtCshbt5Cx3aOt7_3std2io5error5ErrorE4from
FN:1916,_RNvXs_NtNtCs9svORWNbXMv_13weaveback_api10apply_back5testsNtB4_13TestWorkspaceNtNtNtCs9yMf5VoQcqS_4core3ops4drop4Drop4drop
FN:1904,_RNvMNtNtCs9svORWNbXMv_13weaveback_api10apply_back5testsNtB2_13TestWorkspace10write_file
FN:1894,_RNvMNtNtCs9svORWNbXMv_13weaveback_api10apply_back5testsNtB2_13TestWorkspace3new
FN:1911,_RNvMNtNtCs9svORWNbXMv_13weaveback_api10apply_back5testsNtB2_13TestWorkspace7open_db
FN:1510,_RNvNtNtCs9svORWNbXMv_13weaveback_api10apply_back5tests5lines
FN:1709,_RNvNtNtCs9svORWNbXMv_13weaveback_api10apply_back5testss_27strip_indent_removes_prefix
FN:2601,_RNvNtNtCs9svORWNbXMv_13weaveback_api10apply_back5testss_27test_do_patch_fuzzy_success
FN:1750,_RNvNtNtCs9svORWNbXMv_13weaveback_api10apply_back5testss_28do_patch_applies_exact_match
FN:2744,_RNvNtNtCs9svORWNbXMv_13weaveback_api10apply_back5testss_29test_do_patch_already_applied
FN:2388,_RNvNtNtCs9svORWNbXMv_13weaveback_api10apply_back5testss_30test_run_apply_back_macro_edit
FN:2268,_RNvNtNtCs9svORWNbXMv_13weaveback_api10apply_back5testss_31run_apply_back_gen_dir_fallback
FN:1765,_RNvNtNtCs9svORWNbXMv_13weaveback_api10apply_back5testss_32do_patch_detects_already_applied
FN:1938,_RNvNtNtCs9svORWNbXMv_13weaveback_api10apply_back5testss_32run_apply_back_no_modified_files
FN:1546,_RNvNtNtCs9svORWNbXMv_13weaveback_api10apply_back5testss_33splice_line_replaces_indexed_line
FN:1517,_RNvNtNtCs9svORWNbXMv_13weaveback_api10apply_back5testss_34fuzzy_find_line_finds_unique_match
FN:2506,_RNvNtNtCs9svORWNbXMv_13weaveback_api10apply_back5testss_34run_apply_back_bulk_reconciliation
FN:1672,_RNvNtNtCs9svORWNbXMv_13weaveback_api10apply_back5testss_35apply_back_error_display_io_variant
FN:2342,_RNvNtNtCs9svORWNbXMv_13weaveback_api10apply_back5testss_35test_run_apply_back_success_literal
FN:2576,_RNvNtNtCs9svORWNbXMv_13weaveback_api10apply_back5testss_36run_apply_back_with_restricted_files
FN:2760,_RNvNtNtCs9svORWNbXMv_13weaveback_api10apply_back5testss_37test_do_patch_conflict_reports_actual
FN:1792,_RNvNtNtCs9svORWNbXMv_13weaveback_api10apply_back5testss_38do_patch_dry_run_does_not_modify_lines
FN:2313,_RNvNtNtCs9svORWNbXMv_13weaveback_api10apply_back5testss_38run_apply_back_diff_delete_is_detected
FN:1958,_RNvNtNtCs9svORWNbXMv_13weaveback_api10apply_back5testss_38run_apply_back_skips_missing_gen_files
FN:1553,_RNvNtNtCs9svORWNbXMv_13weaveback_api10apply_back5testss_38splice_line_preserves_trailing_newline
FN:1778,_RNvNtNtCs9svORWNbXMv_13weaveback_api10apply_back5testss_39do_patch_records_conflict_when_no_match
FN:1691,_RNvNtNtCs9svORWNbXMv_13weaveback_api10apply_back5testss_39patch_source_rank_unpatchable_is_lowest
FN:1922,_RNvNtNtCs9svORWNbXMv_13weaveback_api10apply_back5testss_39run_apply_back_early_exit_on_missing_db
FN:1846,_RNvNtNtCs9svORWNbXMv_13weaveback_api10apply_back5testss_39run_apply_back_reports_missing_database
FN:1808,_RNvNtNtCs9svORWNbXMv_13weaveback_api10apply_back5testss_40rank_candidate_closer_line_scores_higher
FN:2061,_RNvNtNtCs9svORWNbXMv_13weaveback_api10apply_back5testss_40test_search_macro_arg_candidate_verified
FN:1562,_RNvNtNtCs9svORWNbXMv_13weaveback_api10apply_back5testss_40token_overlap_score_counts_shared_tokens
FN:1569,_RNvNtNtCs9svORWNbXMv_13weaveback_api10apply_back5testss_40token_overlap_score_zero_when_no_overlap
FN:1829,_RNvNtNtCs9svORWNbXMv_13weaveback_api10apply_back5testss_41choose_best_candidate_returns_none_on_tie
FN:2095,_RNvNtNtCs9svORWNbXMv_13weaveback_api10apply_back5testss_41test_search_macro_body_candidate_verified
FN:2129,_RNvNtNtCs9svORWNbXMv_13weaveback_api10apply_back5testss_41test_search_macro_call_candidate_verified
FN:1597,_RNvNtNtCs9svORWNbXMv_13weaveback_api10apply_back5testss_42attempt_macro_arg_patch_exact_col_replaces
FN:2556,_RNvNtNtCs9svORWNbXMv_13weaveback_api10apply_back5testss_43apply_patches_to_file_missing_source_errors
FN:1817,_RNvNtNtCs9svORWNbXMv_13weaveback_api10apply_back5testss_43choose_best_candidate_returns_highest_score
FN:1529,_RNvNtNtCs9svORWNbXMv_13weaveback_api10apply_back5testss_43fuzzy_find_line_returns_none_outside_window
FN:1523,_RNvNtNtCs9svORWNbXMv_13weaveback_api10apply_back5testss_43fuzzy_find_line_returns_none_when_ambiguous
FN:1699,_RNvNtNtCs9svORWNbXMv_13weaveback_api10apply_back5testss_43patch_source_location_returns_file_and_line
FN:1715,_RNvNtNtCs9svORWNbXMv_13weaveback_api10apply_back5testss_43strip_indent_returns_original_when_no_match
FN:2668,_RNvNtNtCs9svORWNbXMv_13weaveback_api10apply_back5testss_43test_run_apply_back_diff_insert_is_detected
FN:2716,_RNvNtNtCs9svORWNbXMv_13weaveback_api10apply_back5testss_43test_run_apply_back_skips_insert_and_delete
FN:1664,_RNvNtNtCs9svORWNbXMv_13weaveback_api10apply_back5testss_44attempt_macro_body_fix_no_match_returns_none
FN:1536,_RNvNtNtCs9svORWNbXMv_13weaveback_api10apply_back5testss_44fuzzy_find_line_tolerates_leading_whitespace
FN:1681,_RNvNtNtCs9svORWNbXMv_13weaveback_api10apply_back5testss_44patch_source_rank_macro_arg_outranks_literal
FN:2437,_RNvNtNtCs9svORWNbXMv_13weaveback_api10apply_back5testss_44test_apply_back_oracle_rejection_on_mismatch
FN:2228,_RNvNtNtCs9svORWNbXMv_13weaveback_api10apply_back5testss_45apply_patches_to_file_dry_run_does_not_mutate
FN:1646,_RNvNtNtCs9svORWNbXMv_13weaveback_api10apply_back5testss_45attempt_macro_body_fix_returns_none_when_same
FN:1838,_RNvNtNtCs9svORWNbXMv_13weaveback_api10apply_back5testss_45choose_best_candidate_returns_none_when_empty
FN:1577,_RNvNtNtCs9svORWNbXMv_13weaveback_api10apply_back5testss_45differing_token_pair_single_diff_returns_pair
FN:1639,_RNvNtNtCs9svORWNbXMv_13weaveback_api10apply_back5testss_47attempt_macro_body_fix_no_vars_replaces_literal
FN:1723,_RNvNtNtCs9svORWNbXMv_13weaveback_api10apply_back5testss_47verify_candidate_returns_true_for_matching_line
FN:2157,_RNvNtNtCs9svORWNbXMv_13weaveback_api10apply_back5testss_49apply_patches_to_file_reports_skipped_unpatchable
FN:1652,_RNvNtNtCs9svORWNbXMv_13weaveback_api10apply_back5testss_49attempt_macro_body_fix_adjacent_vars_is_ambiguous
FN:1977,_RNvNtNtCs9svORWNbXMv_13weaveback_api10apply_back5testss_49run_apply_back_reports_missing_source_map_on_diff
FN:2618,_RNvNtNtCs9svORWNbXMv_13weaveback_api10apply_back5testss_50test_apply_patches_to_file_macro_body_vars_success
FN:1732,_RNvNtNtCs9svORWNbXMv_13weaveback_api10apply_back5testss_50verify_candidate_returns_false_for_mismatched_line
FN:1605,_RNvNtNtCs9svORWNbXMv_13weaveback_api10apply_back5testss_51attempt_macro_arg_patch_returns_none_when_not_found
FN:2294,_RNvNtNtCs9svORWNbXMv_13weaveback_api10apply_back5testss_51run_apply_back_specific_files_non_existent_is_no_op
FN:2696,_RNvNtNtCs9svORWNbXMv_13weaveback_api10apply_back5testss_51test_run_apply_back_size_changing_replace_rejection
FN:1612,_RNvNtNtCs9svORWNbXMv_13weaveback_api10apply_back5testss_53attempt_macro_arg_patch_fallback_finds_differing_part
FN:1583,_RNvNtNtCs9svORWNbXMv_13weaveback_api10apply_back5testss_53differing_token_pair_returns_none_when_multiple_diffs
FN:2045,_RNvNtNtCs9svORWNbXMv_13weaveback_api10apply_back5testss_53lsp_definition_hint_returns_none_if_lsp_not_available
FN:2776,_RNvNtNtCs9svORWNbXMv_13weaveback_api10apply_back5testss_53test_apply_patches_to_file_macro_body_literal_success
FN:1740,_RNvNtNtCs9svORWNbXMv_13weaveback_api10apply_back5testss_53verify_candidate_returns_false_when_line_out_of_range
FN:1865,_RNvNtNtCs9svORWNbXMv_13weaveback_api10apply_back5testss_54attempt_macro_body_fix_with_single_var_updates_literal
FN:2000,_RNvNtNtCs9svORWNbXMv_13weaveback_api10apply_back5testss_55resolve_patch_source_falls_back_to_noweb_if_trace_fails
FN:1883,_RNvNtNtCs9svORWNbXMv_13weaveback_api10apply_back5testss_57attempt_macro_body_fix_returns_none_when_body_eq_expanded
FN:1627,_RNvNtNtCs9svORWNbXMv_13weaveback_api10apply_back5testss_58attempt_macro_arg_patch_fallback_avoids_false_suffix_match
FN:1589,_RNvNtNtCs9svORWNbXMv_13weaveback_api10apply_back5testss_58differing_token_pair_returns_none_when_token_counts_differ
FN:2022,_RNvNtNtCs9svORWNbXMv_13weaveback_api10apply_back5testss_59resolve_best_patch_source_falls_back_to_available_candidate
FN:2192,_RNvNtNtCs9svORWNbXMv_13weaveback_api10apply_back5testss_60apply_patches_to_file_reports_manual_for_vars_with_no_config
FN:1196,_RNCNCNvNtCs9svORWNbXMv_13weaveback_api10apply_back14run_apply_back00B7_
FN:1205,_RNCNCNvNtCs9svORWNbXMv_13weaveback_api10apply_back14run_apply_backs0_00B7_
FN:759,_RNCNCNvNtCs9svORWNbXMv_13weaveback_api10apply_back20resolve_patch_sources1_00B7_
FN:1039,_RNCNCNvNtCs9svORWNbXMv_13weaveback_api10apply_back21apply_patches_to_files_00B7_
FN:470,_RNCNCNvNtCs9svORWNbXMv_13weaveback_api10apply_back21choose_best_candidate00B7_
FN:219,_RNCNvNtCs9svORWNbXMv_13weaveback_api10apply_back11splice_line0B5_
FN:1196,_RNCNvNtCs9svORWNbXMv_13weaveback_api10apply_back14run_apply_back0B5_
FN:1205,_RNCNvNtCs9svORWNbXMv_13weaveback_api10apply_back14run_apply_backs0_0B5_
FN:1266,_RNCNvNtCs9svORWNbXMv_13weaveback_api10apply_back14run_apply_backs2_0B5_
FN:1335,_RNCNvNtCs9svORWNbXMv_13weaveback_api10apply_back14run_apply_backs3_0B5_
FN:1338,_RNCNvNtCs9svORWNbXMv_13weaveback_api10apply_back14run_apply_backs4_0B5_
FN:1339,_RNCNvNtCs9svORWNbXMv_13weaveback_api10apply_back14run_apply_backs5_0B5_
FN:1341,_RNCNvNtCs9svORWNbXMv_13weaveback_api10apply_back14run_apply_backs6_0B5_
FN:1342,_RNCNvNtCs9svORWNbXMv_13weaveback_api10apply_back14run_apply_backs7_0B5_
FN:1374,_RNCNvNtCs9svORWNbXMv_13weaveback_api10apply_back14run_apply_backs8_0B5_
FN:1377,_RNCNvNtCs9svORWNbXMv_13weaveback_api10apply_back14run_apply_backs9_0B5_
FN:1197,_RNCNvNtCs9svORWNbXMv_13weaveback_api10apply_back14run_apply_backs_0B5_
FN:1378,_RNCNvNtCs9svORWNbXMv_13weaveback_api10apply_back14run_apply_backsa_0B5_
FN:1381,_RNCNvNtCs9svORWNbXMv_13weaveback_api10apply_back14run_apply_backsb_0B5_
FN:1418,_RNCNvNtCs9svORWNbXMv_13weaveback_api10apply_back14run_apply_backsc_0B5_
FN:1450,_RNCNvNtCs9svORWNbXMv_13weaveback_api10apply_back14run_apply_backsd_0B5_
FN:489,_RNCNvNtCs9svORWNbXMv_13weaveback_api10apply_back19chunk_context_bonus0B5_
FN:237,_RNCNvNtCs9svORWNbXMv_13weaveback_api10apply_back19token_overlap_score0B5_
FN:260,_RNCNvNtCs9svORWNbXMv_13weaveback_api10apply_back20differing_token_pair0B5_
FN:707,_RNCNvNtCs9svORWNbXMv_13weaveback_api10apply_back20resolve_patch_source0B5_
FN:756,_RNCNvNtCs9svORWNbXMv_13weaveback_api10apply_back20resolve_patch_sources0_0B5_
FN:757,_RNCNvNtCs9svORWNbXMv_13weaveback_api10apply_back20resolve_patch_sources1_0B5_
FN:762,_RNCNvNtCs9svORWNbXMv_13weaveback_api10apply_back20resolve_patch_sources2_0B5_
FN:772,_RNCNvNtCs9svORWNbXMv_13weaveback_api10apply_back20resolve_patch_sources3_0B5_
FN:773,_RNCNvNtCs9svORWNbXMv_13weaveback_api10apply_back20resolve_patch_sources4_0B5_
FN:774,_RNCNvNtCs9svORWNbXMv_13weaveback_api10apply_back20resolve_patch_sources5_0B5_
FN:749,_RNCNvNtCs9svORWNbXMv_13weaveback_api10apply_back20resolve_patch_sources_0B5_
FN:1010,_RNCNvNtCs9svORWNbXMv_13weaveback_api10apply_back21apply_patches_to_file0B5_
FN:1039,_RNCNvNtCs9svORWNbXMv_13weaveback_api10apply_back21apply_patches_to_files_0B5_
FN:468,_RNCNvNtCs9svORWNbXMv_13weaveback_api10apply_back21choose_best_candidate0B5_
FN:473,_RNCNvNtCs9svORWNbXMv_13weaveback_api10apply_back21choose_best_candidates_0B5_
FN:422,_RNCNvNtCs9svORWNbXMv_13weaveback_api10apply_back22candidate_line_indices0B5_
FN:304,_RNCNvNtCs9svORWNbXMv_13weaveback_api10apply_back23attempt_macro_arg_patch0B5_
FN:308,_RNCNvNtCs9svORWNbXMv_13weaveback_api10apply_back23attempt_macro_arg_patchs_0B5_
FN:804,_RNCNvNtCs9svORWNbXMv_13weaveback_api10apply_back25resolve_best_patch_source0B5_
FN:861,_RNCNvNtCs9svORWNbXMv_13weaveback_api10apply_back25resolve_best_patch_sources_0B5_
FN:654,_RNCNvNtCs9svORWNbXMv_13weaveback_api10apply_back27search_macro_call_candidate0B5_
FN:656,_RNCNvNtCs9svORWNbXMv_13weaveback_api10apply_back27search_macro_call_candidates_0B5_
FN:947,_RNCNvNtCs9svORWNbXMv_13weaveback_api10apply_back8do_patch0B5_
FN:969,_RNCNvNtCs9svORWNbXMv_13weaveback_api10apply_back8do_patchs_0B5_
FN:228,_RNCNvNvNtCs9svORWNbXMv_13weaveback_api10apply_back19token_overlap_score6tokens0B7_
FN:230,_RNCNvNvNtCs9svORWNbXMv_13weaveback_api10apply_back19token_overlap_score6tokenss0_0B7_
FN:229,_RNCNvNvNtCs9svORWNbXMv_13weaveback_api10apply_back19token_overlap_score6tokenss_0B7_
FN:246,_RNCNvNvNtCs9svORWNbXMv_13weaveback_api10apply_back20differing_token_pair6tokens0B7_
FN:247,_RNCNvNvNtCs9svORWNbXMv_13weaveback_api10apply_back20differing_token_pair6tokenss_0B7_
FNDA:0,_RNvMs2_NtCsaY2CvWUtqiY_13weaveback_api10apply_backNtB5_11PatchSource8src_file
FNDA:0,_RNvNtCsaY2CvWUtqiY_13weaveback_api10apply_back11splice_line
FNDA:0,_RNvNtCsaY2CvWUtqiY_13weaveback_api10apply_back12strip_indent
FNDA:0,_RNvNtCsaY2CvWUtqiY_13weaveback_api10apply_back14rank_candidate
FNDA:0,_RNvNtCsaY2CvWUtqiY_13weaveback_api10apply_back14run_apply_back
FNDA:0,_RNvNtCsaY2CvWUtqiY_13weaveback_api10apply_back15fuzzy_find_line
FNDA:0,_RNvNtCsaY2CvWUtqiY_13weaveback_api10apply_back16verify_candidate
FNDA:0,_RNvNtCsaY2CvWUtqiY_13weaveback_api10apply_back17patch_source_rank
FNDA:0,_RNvNtCsaY2CvWUtqiY_13weaveback_api10apply_back19chunk_context_bonus
FNDA:0,_RNvNtCsaY2CvWUtqiY_13weaveback_api10apply_back19lsp_definition_hint
FNDA:0,_RNvNtCsaY2CvWUtqiY_13weaveback_api10apply_back19resolve_noweb_entry
FNDA:0,_RNvNtCsaY2CvWUtqiY_13weaveback_api10apply_back19token_overlap_score
FNDA:0,_RNvNtCsaY2CvWUtqiY_13weaveback_api10apply_back20differing_token_pair
FNDA:0,_RNvNtCsaY2CvWUtqiY_13weaveback_api10apply_back20resolve_patch_source
FNDA:0,_RNvNtCsaY2CvWUtqiY_13weaveback_api10apply_back21apply_patches_to_file
FNDA:0,_RNvNtCsaY2CvWUtqiY_13weaveback_api10apply_back21choose_best_candidate
FNDA:0,_RNvNtCsaY2CvWUtqiY_13weaveback_api10apply_back21patch_source_location
FNDA:0,_RNvNtCsaY2CvWUtqiY_13weaveback_api10apply_back22attempt_macro_body_fix
FNDA:0,_RNvNtCsaY2CvWUtqiY_13weaveback_api10apply_back22candidate_line_indices
FNDA:0,_RNvNtCsaY2CvWUtqiY_13weaveback_api10apply_back23attempt_macro_arg_patch
FNDA:0,_RNvNtCsaY2CvWUtqiY_13weaveback_api10apply_back25resolve_best_patch_source
FNDA:0,_RNvNtCsaY2CvWUtqiY_13weaveback_api10apply_back26search_macro_arg_candidate
FNDA:0,_RNvNtCsaY2CvWUtqiY_13weaveback_api10apply_back27search_macro_body_candidate
FNDA:0,_RNvNtCsaY2CvWUtqiY_13weaveback_api10apply_back27search_macro_call_candidate
FNDA:0,_RNvNtCsaY2CvWUtqiY_13weaveback_api10apply_back8do_patch
FNDA:0,_RNvNvNtCsaY2CvWUtqiY_13weaveback_api10apply_back19token_overlap_score6tokens
FNDA:0,_RNvNvNtCsaY2CvWUtqiY_13weaveback_api10apply_back20differing_token_pair6tokens
FNDA:0,_RNvXNtCsaY2CvWUtqiY_13weaveback_api10apply_backNtB2_14ApplyBackErrorINtNtCs9yMf5VoQcqS_4core7convert4FromNtNtCs15Atq6sPk6z_16weaveback_tangle2db7DbErrorE4from
FNDA:0,_RNvXs0_NtCsaY2CvWUtqiY_13weaveback_api10apply_backNtB5_14ApplyBackErrorINtNtCs9yMf5VoQcqS_4core7convert4FromNtNtB7_6lookup11LookupErrorE4from
FNDA:0,_RNvXs1_NtCsaY2CvWUtqiY_13weaveback_api10apply_backNtB5_14ApplyBackErrorNtNtCs9yMf5VoQcqS_4core3fmt7Display3fmt
FNDA:0,_RNvXs_NtCsaY2CvWUtqiY_13weaveback_api10apply_backNtB4_14ApplyBackErrorINtNtCs9yMf5VoQcqS_4core7convert4FromNtNtNtCshbt5Cx3aOt7_3std2io5error5ErrorE4from
FNDA:0,_RNCNCNvNtCsaY2CvWUtqiY_13weaveback_api10apply_back14run_apply_back00B7_
FNDA:0,_RNCNCNvNtCsaY2CvWUtqiY_13weaveback_api10apply_back14run_apply_backs0_00B7_
FNDA:0,_RNCNCNvNtCsaY2CvWUtqiY_13weaveback_api10apply_back20resolve_patch_sources1_00B7_
FNDA:0,_RNCNCNvNtCsaY2CvWUtqiY_13weaveback_api10apply_back21apply_patches_to_files_00B7_
FNDA:0,_RNCNCNvNtCsaY2CvWUtqiY_13weaveback_api10apply_back21choose_best_candidate00B7_
FNDA:0,_RNCNvNtCsaY2CvWUtqiY_13weaveback_api10apply_back11splice_line0B5_
FNDA:0,_RNCNvNtCsaY2CvWUtqiY_13weaveback_api10apply_back14run_apply_back0B5_
FNDA:0,_RNCNvNtCsaY2CvWUtqiY_13weaveback_api10apply_back14run_apply_backs0_0B5_
FNDA:0,_RNCNvNtCsaY2CvWUtqiY_13weaveback_api10apply_back14run_apply_backs2_0B5_
FNDA:0,_RNCNvNtCsaY2CvWUtqiY_13weaveback_api10apply_back14run_apply_backs3_0B5_
FNDA:0,_RNCNvNtCsaY2CvWUtqiY_13weaveback_api10apply_back14run_apply_backs4_0B5_
FNDA:0,_RNCNvNtCsaY2CvWUtqiY_13weaveback_api10apply_back14run_apply_backs5_0B5_
FNDA:0,_RNCNvNtCsaY2CvWUtqiY_13weaveback_api10apply_back14run_apply_backs6_0B5_
FNDA:0,_RNCNvNtCsaY2CvWUtqiY_13weaveback_api10apply_back14run_apply_backs7_0B5_
FNDA:0,_RNCNvNtCsaY2CvWUtqiY_13weaveback_api10apply_back14run_apply_backs8_0B5_
FNDA:0,_RNCNvNtCsaY2CvWUtqiY_13weaveback_api10apply_back14run_apply_backs9_0B5_
FNDA:0,_RNCNvNtCsaY2CvWUtqiY_13weaveback_api10apply_back14run_apply_backs_0B5_
FNDA:0,_RNCNvNtCsaY2CvWUtqiY_13weaveback_api10apply_back14run_apply_backsa_0B5_
FNDA:0,_RNCNvNtCsaY2CvWUtqiY_13weaveback_api10apply_back14run_apply_backsb_0B5_
FNDA:0,_RNCNvNtCsaY2CvWUtqiY_13weaveback_api10apply_back14run_apply_backsc_0B5_
FNDA:0,_RNCNvNtCsaY2CvWUtqiY_13weaveback_api10apply_back14run_apply_backsd_0B5_
FNDA:0,_RNCNvNtCsaY2CvWUtqiY_13weaveback_api10apply_back19chunk_context_bonus0B5_
FNDA:0,_RNCNvNtCsaY2CvWUtqiY_13weaveback_api10apply_back19token_overlap_score0B5_
FNDA:0,_RNCNvNtCsaY2CvWUtqiY_13weaveback_api10apply_back20differing_token_pair0B5_
FNDA:0,_RNCNvNtCsaY2CvWUtqiY_13weaveback_api10apply_back20resolve_patch_source0B5_
FNDA:0,_RNCNvNtCsaY2CvWUtqiY_13weaveback_api10apply_back20resolve_patch_sources0_0B5_
FNDA:0,_RNCNvNtCsaY2CvWUtqiY_13weaveback_api10apply_back20resolve_patch_sources1_0B5_
FNDA:0,_RNCNvNtCsaY2CvWUtqiY_13weaveback_api10apply_back20resolve_patch_sources2_0B5_
FNDA:0,_RNCNvNtCsaY2CvWUtqiY_13weaveback_api10apply_back20resolve_patch_sources3_0B5_
FNDA:0,_RNCNvNtCsaY2CvWUtqiY_13weaveback_api10apply_back20resolve_patch_sources4_0B5_
FNDA:0,_RNCNvNtCsaY2CvWUtqiY_13weaveback_api10apply_back20resolve_patch_sources5_0B5_
FNDA:0,_RNCNvNtCsaY2CvWUtqiY_13weaveback_api10apply_back20resolve_patch_sources_0B5_
FNDA:0,_RNCNvNtCsaY2CvWUtqiY_13weaveback_api10apply_back21apply_patches_to_file0B5_
FNDA:0,_RNCNvNtCsaY2CvWUtqiY_13weaveback_api10apply_back21apply_patches_to_files_0B5_
FNDA:0,_RNCNvNtCsaY2CvWUtqiY_13weaveback_api10apply_back21choose_best_candidate0B5_
FNDA:0,_RNCNvNtCsaY2CvWUtqiY_13weaveback_api10apply_back21choose_best_candidates_0B5_
FNDA:0,_RNCNvNtCsaY2CvWUtqiY_13weaveback_api10apply_back22candidate_line_indices0B5_
FNDA:0,_RNCNvNtCsaY2CvWUtqiY_13weaveback_api10apply_back23attempt_macro_arg_patch0B5_
FNDA:0,_RNCNvNtCsaY2CvWUtqiY_13weaveback_api10apply_back23attempt_macro_arg_patchs_0B5_
FNDA:0,_RNCNvNtCsaY2CvWUtqiY_13weaveback_api10apply_back25resolve_best_patch_source0B5_
FNDA:0,_RNCNvNtCsaY2CvWUtqiY_13weaveback_api10apply_back25resolve_best_patch_sources_0B5_
FNDA:0,_RNCNvNtCsaY2CvWUtqiY_13weaveback_api10apply_back27search_macro_call_candidate0B5_
FNDA:0,_RNCNvNtCsaY2CvWUtqiY_13weaveback_api10apply_back27search_macro_call_candidates_0B5_
FNDA:0,_RNCNvNtCsaY2CvWUtqiY_13weaveback_api10apply_back8do_patch0B5_
FNDA:0,_RNCNvNtCsaY2CvWUtqiY_13weaveback_api10apply_back8do_patchs_0B5_
FNDA:0,_RNCNvNvNtCsaY2CvWUtqiY_13weaveback_api10apply_back19token_overlap_score6tokens0B7_
FNDA:0,_RNCNvNvNtCsaY2CvWUtqiY_13weaveback_api10apply_back19token_overlap_score6tokenss0_0B7_
FNDA:0,_RNCNvNvNtCsaY2CvWUtqiY_13weaveback_api10apply_back19token_overlap_score6tokenss_0B7_
FNDA:0,_RNCNvNvNtCsaY2CvWUtqiY_13weaveback_api10apply_back20differing_token_pair6tokens0B7_
FNDA:0,_RNCNvNvNtCsaY2CvWUtqiY_13weaveback_api10apply_back20differing_token_pair6tokenss_0B7_
FNDA:4,_RNvMs2_NtCs9svORWNbXMv_13weaveback_api10apply_backNtB5_11PatchSource8src_file
FNDA:7,_RNvNtCs9svORWNbXMv_13weaveback_api10apply_back11splice_line
FNDA:15,_RNvNtCs9svORWNbXMv_13weaveback_api10apply_back12strip_indent
FNDA:4,_RNvNtCs9svORWNbXMv_13weaveback_api10apply_back14rank_candidate
FNDA:19,_RNvNtCs9svORWNbXMv_13weaveback_api10apply_back14run_apply_back
FNDA:14,_RNvNtCs9svORWNbXMv_13weaveback_api10apply_back15fuzzy_find_line
FNDA:8,_RNvNtCs9svORWNbXMv_13weaveback_api10apply_back16verify_candidate
FNDA:7,_RNvNtCs9svORWNbXMv_13weaveback_api10apply_back17patch_source_rank
FNDA:2,_RNvNtCs9svORWNbXMv_13weaveback_api10apply_back19chunk_context_bonus
FNDA:1,_RNvNtCs9svORWNbXMv_13weaveback_api10apply_back19lsp_definition_hint
FNDA:14,_RNvNtCs9svORWNbXMv_13weaveback_api10apply_back19resolve_noweb_entry
FNDA:8,_RNvNtCs9svORWNbXMv_13weaveback_api10apply_back19token_overlap_score
FNDA:6,_RNvNtCs9svORWNbXMv_13weaveback_api10apply_back20differing_token_pair
FNDA:4,_RNvNtCs9svORWNbXMv_13weaveback_api10apply_back20resolve_patch_source
FNDA:14,_RNvNtCs9svORWNbXMv_13weaveback_api10apply_back21apply_patches_to_file
FNDA:10,_RNvNtCs9svORWNbXMv_13weaveback_api10apply_back21choose_best_candidate
FNDA:4,_RNvNtCs9svORWNbXMv_13weaveback_api10apply_back21patch_source_location
FNDA:13,_RNvNtCs9svORWNbXMv_13weaveback_api10apply_back22attempt_macro_body_fix
FNDA:4,_RNvNtCs9svORWNbXMv_13weaveback_api10apply_back22candidate_line_indices
FNDA:6,_RNvNtCs9svORWNbXMv_13weaveback_api10apply_back23attempt_macro_arg_patch
FNDA:1,_RNvNtCs9svORWNbXMv_13weaveback_api10apply_back25resolve_best_patch_source
FNDA:1,_RNvNtCs9svORWNbXMv_13weaveback_api10apply_back26search_macro_arg_candidate
FNDA:3,_RNvNtCs9svORWNbXMv_13weaveback_api10apply_back27search_macro_body_candidate
FNDA:3,_RNvNtCs9svORWNbXMv_13weaveback_api10apply_back27search_macro_call_candidate
FNDA:16,_RNvNtCs9svORWNbXMv_13weaveback_api10apply_back8do_patch
FNDA:24,_RNvNvNtCs9svORWNbXMv_13weaveback_api10apply_back19token_overlap_score6tokens
FNDA:12,_RNvNvNtCs9svORWNbXMv_13weaveback_api10apply_back20differing_token_pair6tokens
FNDA:0,_RNvXNtCs9svORWNbXMv_13weaveback_api10apply_backNtB2_14ApplyBackErrorINtNtCs9yMf5VoQcqS_4core7convert4FromNtNtCsUfOgH5zVts_16weaveback_tangle2db7DbErrorE4from
FNDA:0,_RNvXs0_NtCs9svORWNbXMv_13weaveback_api10apply_backNtB5_14ApplyBackErrorINtNtCs9yMf5VoQcqS_4core7convert4FromNtNtB7_6lookup11LookupErrorE4from
FNDA:1,_RNvXs1_NtCs9svORWNbXMv_13weaveback_api10apply_backNtB5_14ApplyBackErrorNtNtCs9yMf5VoQcqS_4core3fmt7Display3fmt
FNDA:1,_RNvXs_NtCs9svORWNbXMv_13weaveback_api10apply_backNtB4_14ApplyBackErrorINtNtCs9yMf5VoQcqS_4core7convert4FromNtNtNtCshbt5Cx3aOt7_3std2io5error5ErrorE4from
FNDA:27,_RNvXs_NtNtCs9svORWNbXMv_13weaveback_api10apply_back5testsNtB4_13TestWorkspaceNtNtNtCs9yMf5VoQcqS_4core3ops4drop4Drop4drop
FNDA:28,_RNvMNtNtCs9svORWNbXMv_13weaveback_api10apply_back5testsNtB2_13TestWorkspace10write_file
FNDA:27,_RNvMNtNtCs9svORWNbXMv_13weaveback_api10apply_back5testsNtB2_13TestWorkspace3new
FNDA:26,_RNvMNtNtCs9svORWNbXMv_13weaveback_api10apply_back5testsNtB2_13TestWorkspace7open_db
FNDA:20,_RNvNtNtCs9svORWNbXMv_13weaveback_api10apply_back5tests5lines
FNDA:1,_RNvNtNtCs9svORWNbXMv_13weaveback_api10apply_back5testss_27strip_indent_removes_prefix
FNDA:1,_RNvNtNtCs9svORWNbXMv_13weaveback_api10apply_back5testss_27test_do_patch_fuzzy_success
FNDA:1,_RNvNtNtCs9svORWNbXMv_13weaveback_api10apply_back5testss_28do_patch_applies_exact_match
FNDA:1,_RNvNtNtCs9svORWNbXMv_13weaveback_api10apply_back5testss_29test_do_patch_already_applied
FNDA:1,_RNvNtNtCs9svORWNbXMv_13weaveback_api10apply_back5testss_30test_run_apply_back_macro_edit
FNDA:1,_RNvNtNtCs9svORWNbXMv_13weaveback_api10apply_back5testss_31run_apply_back_gen_dir_fallback
FNDA:1,_RNvNtNtCs9svORWNbXMv_13weaveback_api10apply_back5testss_32do_patch_detects_already_applied
FNDA:1,_RNvNtNtCs9svORWNbXMv_13weaveback_api10apply_back5testss_32run_apply_back_no_modified_files
FNDA:1,_RNvNtNtCs9svORWNbXMv_13weaveback_api10apply_back5testss_33splice_line_replaces_indexed_line
FNDA:1,_RNvNtNtCs9svORWNbXMv_13weaveback_api10apply_back5testss_34fuzzy_find_line_finds_unique_match
FNDA:1,_RNvNtNtCs9svORWNbXMv_13weaveback_api10apply_back5testss_34run_apply_back_bulk_reconciliation
FNDA:1,_RNvNtNtCs9svORWNbXMv_13weaveback_api10apply_back5testss_35apply_back_error_display_io_variant
FNDA:1,_RNvNtNtCs9svORWNbXMv_13weaveback_api10apply_back5testss_35test_run_apply_back_success_literal
FNDA:1,_RNvNtNtCs9svORWNbXMv_13weaveback_api10apply_back5testss_36run_apply_back_with_restricted_files
FNDA:1,_RNvNtNtCs9svORWNbXMv_13weaveback_api10apply_back5testss_37test_do_patch_conflict_reports_actual
FNDA:1,_RNvNtNtCs9svORWNbXMv_13weaveback_api10apply_back5testss_38do_patch_dry_run_does_not_modify_lines
FNDA:1,_RNvNtNtCs9svORWNbXMv_13weaveback_api10apply_back5testss_38run_apply_back_diff_delete_is_detected
FNDA:1,_RNvNtNtCs9svORWNbXMv_13weaveback_api10apply_back5testss_38run_apply_back_skips_missing_gen_files
FNDA:1,_RNvNtNtCs9svORWNbXMv_13weaveback_api10apply_back5testss_38splice_line_preserves_trailing_newline
FNDA:1,_RNvNtNtCs9svORWNbXMv_13weaveback_api10apply_back5testss_39do_patch_records_conflict_when_no_match
FNDA:1,_RNvNtNtCs9svORWNbXMv_13weaveback_api10apply_back5testss_39patch_source_rank_unpatchable_is_lowest
FNDA:1,_RNvNtNtCs9svORWNbXMv_13weaveback_api10apply_back5testss_39run_apply_back_early_exit_on_missing_db
FNDA:1,_RNvNtNtCs9svORWNbXMv_13weaveback_api10apply_back5testss_39run_apply_back_reports_missing_database
FNDA:1,_RNvNtNtCs9svORWNbXMv_13weaveback_api10apply_back5testss_40rank_candidate_closer_line_scores_higher
FNDA:1,_RNvNtNtCs9svORWNbXMv_13weaveback_api10apply_back5testss_40test_search_macro_arg_candidate_verified
FNDA:1,_RNvNtNtCs9svORWNbXMv_13weaveback_api10apply_back5testss_40token_overlap_score_counts_shared_tokens
FNDA:1,_RNvNtNtCs9svORWNbXMv_13weaveback_api10apply_back5testss_40token_overlap_score_zero_when_no_overlap
FNDA:1,_RNvNtNtCs9svORWNbXMv_13weaveback_api10apply_back5testss_41choose_best_candidate_returns_none_on_tie
FNDA:1,_RNvNtNtCs9svORWNbXMv_13weaveback_api10apply_back5testss_41test_search_macro_body_candidate_verified
FNDA:1,_RNvNtNtCs9svORWNbXMv_13weaveback_api10apply_back5testss_41test_search_macro_call_candidate_verified
FNDA:1,_RNvNtNtCs9svORWNbXMv_13weaveback_api10apply_back5testss_42attempt_macro_arg_patch_exact_col_replaces
FNDA:1,_RNvNtNtCs9svORWNbXMv_13weaveback_api10apply_back5testss_43apply_patches_to_file_missing_source_errors
FNDA:1,_RNvNtNtCs9svORWNbXMv_13weaveback_api10apply_back5testss_43choose_best_candidate_returns_highest_score
FNDA:1,_RNvNtNtCs9svORWNbXMv_13weaveback_api10apply_back5testss_43fuzzy_find_line_returns_none_outside_window
FNDA:1,_RNvNtNtCs9svORWNbXMv_13weaveback_api10apply_back5testss_43fuzzy_find_line_returns_none_when_ambiguous
FNDA:1,_RNvNtNtCs9svORWNbXMv_13weaveback_api10apply_back5testss_43patch_source_location_returns_file_and_line
FNDA:1,_RNvNtNtCs9svORWNbXMv_13weaveback_api10apply_back5testss_43strip_indent_returns_original_when_no_match
FNDA:1,_RNvNtNtCs9svORWNbXMv_13weaveback_api10apply_back5testss_43test_run_apply_back_diff_insert_is_detected
FNDA:1,_RNvNtNtCs9svORWNbXMv_13weaveback_api10apply_back5testss_43test_run_apply_back_skips_insert_and_delete
FNDA:1,_RNvNtNtCs9svORWNbXMv_13weaveback_api10apply_back5testss_44attempt_macro_body_fix_no_match_returns_none
FNDA:1,_RNvNtNtCs9svORWNbXMv_13weaveback_api10apply_back5testss_44fuzzy_find_line_tolerates_leading_whitespace
FNDA:1,_RNvNtNtCs9svORWNbXMv_13weaveback_api10apply_back5testss_44patch_source_rank_macro_arg_outranks_literal
FNDA:1,_RNvNtNtCs9svORWNbXMv_13weaveback_api10apply_back5testss_44test_apply_back_oracle_rejection_on_mismatch
FNDA:1,_RNvNtNtCs9svORWNbXMv_13weaveback_api10apply_back5testss_45apply_patches_to_file_dry_run_does_not_mutate
FNDA:1,_RNvNtNtCs9svORWNbXMv_13weaveback_api10apply_back5testss_45attempt_macro_body_fix_returns_none_when_same
FNDA:1,_RNvNtNtCs9svORWNbXMv_13weaveback_api10apply_back5testss_45choose_best_candidate_returns_none_when_empty
FNDA:1,_RNvNtNtCs9svORWNbXMv_13weaveback_api10apply_back5testss_45differing_token_pair_single_diff_returns_pair
FNDA:1,_RNvNtNtCs9svORWNbXMv_13weaveback_api10apply_back5testss_47attempt_macro_body_fix_no_vars_replaces_literal
FNDA:1,_RNvNtNtCs9svORWNbXMv_13weaveback_api10apply_back5testss_47verify_candidate_returns_true_for_matching_line
FNDA:1,_RNvNtNtCs9svORWNbXMv_13weaveback_api10apply_back5testss_49apply_patches_to_file_reports_skipped_unpatchable
FNDA:1,_RNvNtNtCs9svORWNbXMv_13weaveback_api10apply_back5testss_49attempt_macro_body_fix_adjacent_vars_is_ambiguous
FNDA:1,_RNvNtNtCs9svORWNbXMv_13weaveback_api10apply_back5testss_49run_apply_back_reports_missing_source_map_on_diff
FNDA:1,_RNvNtNtCs9svORWNbXMv_13weaveback_api10apply_back5testss_50test_apply_patches_to_file_macro_body_vars_success
FNDA:1,_RNvNtNtCs9svORWNbXMv_13weaveback_api10apply_back5testss_50verify_candidate_returns_false_for_mismatched_line
FNDA:1,_RNvNtNtCs9svORWNbXMv_13weaveback_api10apply_back5testss_51attempt_macro_arg_patch_returns_none_when_not_found
FNDA:1,_RNvNtNtCs9svORWNbXMv_13weaveback_api10apply_back5testss_51run_apply_back_specific_files_non_existent_is_no_op
FNDA:1,_RNvNtNtCs9svORWNbXMv_13weaveback_api10apply_back5testss_51test_run_apply_back_size_changing_replace_rejection
FNDA:1,_RNvNtNtCs9svORWNbXMv_13weaveback_api10apply_back5testss_53attempt_macro_arg_patch_fallback_finds_differing_part
FNDA:1,_RNvNtNtCs9svORWNbXMv_13weaveback_api10apply_back5testss_53differing_token_pair_returns_none_when_multiple_diffs
FNDA:1,_RNvNtNtCs9svORWNbXMv_13weaveback_api10apply_back5testss_53lsp_definition_hint_returns_none_if_lsp_not_available
FNDA:1,_RNvNtNtCs9svORWNbXMv_13weaveback_api10apply_back5testss_53test_apply_patches_to_file_macro_body_literal_success
FNDA:1,_RNvNtNtCs9svORWNbXMv_13weaveback_api10apply_back5testss_53verify_candidate_returns_false_when_line_out_of_range
FNDA:1,_RNvNtNtCs9svORWNbXMv_13weaveback_api10apply_back5testss_54attempt_macro_body_fix_with_single_var_updates_literal
FNDA:1,_RNvNtNtCs9svORWNbXMv_13weaveback_api10apply_back5testss_55resolve_patch_source_falls_back_to_noweb_if_trace_fails
FNDA:1,_RNvNtNtCs9svORWNbXMv_13weaveback_api10apply_back5testss_57attempt_macro_body_fix_returns_none_when_body_eq_expanded
FNDA:1,_RNvNtNtCs9svORWNbXMv_13weaveback_api10apply_back5testss_58attempt_macro_arg_patch_fallback_avoids_false_suffix_match
FNDA:1,_RNvNtNtCs9svORWNbXMv_13weaveback_api10apply_back5testss_58differing_token_pair_returns_none_when_token_counts_differ
FNDA:1,_RNvNtNtCs9svORWNbXMv_13weaveback_api10apply_back5testss_59resolve_best_patch_source_falls_back_to_available_candidate
FNDA:1,_RNvNtNtCs9svORWNbXMv_13weaveback_api10apply_back5testss_60apply_patches_to_file_reports_manual_for_vars_with_no_config
FNDA:16,_RNCNCNvNtCs9svORWNbXMv_13weaveback_api10apply_back14run_apply_back00B7_
FNDA:2,_RNCNCNvNtCs9svORWNbXMv_13weaveback_api10apply_back14run_apply_backs0_00B7_
FNDA:0,_RNCNCNvNtCs9svORWNbXMv_13weaveback_api10apply_back20resolve_patch_sources1_00B7_
FNDA:1,_RNCNCNvNtCs9svORWNbXMv_13weaveback_api10apply_back21apply_patches_to_files_00B7_
FNDA:1,_RNCNCNvNtCs9svORWNbXMv_13weaveback_api10apply_back21choose_best_candidate00B7_
FNDA:12,_RNCNvNtCs9svORWNbXMv_13weaveback_api10apply_back11splice_line0B5_
FNDA:16,_RNCNvNtCs9svORWNbXMv_13weaveback_api10apply_back14run_apply_back0B5_
FNDA:3,_RNCNvNtCs9svORWNbXMv_13weaveback_api10apply_back14run_apply_backs0_0B5_
FNDA:4,_RNCNvNtCs9svORWNbXMv_13weaveback_api10apply_back14run_apply_backs2_0B5_
FNDA:3,_RNCNvNtCs9svORWNbXMv_13weaveback_api10apply_back14run_apply_backs3_0B5_
FNDA:2,_RNCNvNtCs9svORWNbXMv_13weaveback_api10apply_back14run_apply_backs4_0B5_
FNDA:1,_RNCNvNtCs9svORWNbXMv_13weaveback_api10apply_back14run_apply_backs5_0B5_
FNDA:2,_RNCNvNtCs9svORWNbXMv_13weaveback_api10apply_back14run_apply_backs6_0B5_
FNDA:1,_RNCNvNtCs9svORWNbXMv_13weaveback_api10apply_back14run_apply_backs7_0B5_
FNDA:2,_RNCNvNtCs9svORWNbXMv_13weaveback_api10apply_back14run_apply_backs8_0B5_
FNDA:1,_RNCNvNtCs9svORWNbXMv_13weaveback_api10apply_back14run_apply_backs9_0B5_
FNDA:0,_RNCNvNtCs9svORWNbXMv_13weaveback_api10apply_back14run_apply_backs_0B5_
FNDA:0,_RNCNvNtCs9svORWNbXMv_13weaveback_api10apply_back14run_apply_backsa_0B5_
FNDA:1,_RNCNvNtCs9svORWNbXMv_13weaveback_api10apply_back14run_apply_backsb_0B5_
FNDA:1,_RNCNvNtCs9svORWNbXMv_13weaveback_api10apply_back14run_apply_backsc_0B5_
FNDA:3,_RNCNvNtCs9svORWNbXMv_13weaveback_api10apply_back14run_apply_backsd_0B5_
FNDA:0,_RNCNvNtCs9svORWNbXMv_13weaveback_api10apply_back19chunk_context_bonus0B5_
FNDA:67,_RNCNvNtCs9svORWNbXMv_13weaveback_api10apply_back19token_overlap_score0B5_
FNDA:8,_RNCNvNtCs9svORWNbXMv_13weaveback_api10apply_back20differing_token_pair0B5_
FNDA:4,_RNCNvNtCs9svORWNbXMv_13weaveback_api10apply_back20resolve_patch_source0B5_
FNDA:0,_RNCNvNtCs9svORWNbXMv_13weaveback_api10apply_back20resolve_patch_sources0_0B5_
FNDA:0,_RNCNvNtCs9svORWNbXMv_13weaveback_api10apply_back20resolve_patch_sources1_0B5_
FNDA:0,_RNCNvNtCs9svORWNbXMv_13weaveback_api10apply_back20resolve_patch_sources2_0B5_
FNDA:0,_RNCNvNtCs9svORWNbXMv_13weaveback_api10apply_back20resolve_patch_sources3_0B5_
FNDA:0,_RNCNvNtCs9svORWNbXMv_13weaveback_api10apply_back20resolve_patch_sources4_0B5_
FNDA:0,_RNCNvNtCs9svORWNbXMv_13weaveback_api10apply_back20resolve_patch_sources5_0B5_
FNDA:0,_RNCNvNtCs9svORWNbXMv_13weaveback_api10apply_back20resolve_patch_sources_0B5_
FNDA:32,_RNCNvNtCs9svORWNbXMv_13weaveback_api10apply_back21apply_patches_to_file0B5_
FNDA:1,_RNCNvNtCs9svORWNbXMv_13weaveback_api10apply_back21apply_patches_to_files_0B5_
FNDA:4,_RNCNvNtCs9svORWNbXMv_13weaveback_api10apply_back21choose_best_candidate0B5_
FNDA:3,_RNCNvNtCs9svORWNbXMv_13weaveback_api10apply_back21choose_best_candidates_0B5_
FNDA:18,_RNCNvNtCs9svORWNbXMv_13weaveback_api10apply_back22candidate_line_indices0B5_
FNDA:24,_RNCNvNtCs9svORWNbXMv_13weaveback_api10apply_back23attempt_macro_arg_patch0B5_
FNDA:17,_RNCNvNtCs9svORWNbXMv_13weaveback_api10apply_back23attempt_macro_arg_patchs_0B5_
FNDA:1,_RNCNvNtCs9svORWNbXMv_13weaveback_api10apply_back25resolve_best_patch_source0B5_
FNDA:0,_RNCNvNtCs9svORWNbXMv_13weaveback_api10apply_back25resolve_best_patch_sources_0B5_
FNDA:1,_RNCNvNtCs9svORWNbXMv_13weaveback_api10apply_back27search_macro_call_candidate0B5_
FNDA:1,_RNCNvNtCs9svORWNbXMv_13weaveback_api10apply_back27search_macro_call_candidates_0B5_
FNDA:7,_RNCNvNtCs9svORWNbXMv_13weaveback_api10apply_back8do_patch0B5_
FNDA:1,_RNCNvNtCs9svORWNbXMv_13weaveback_api10apply_back8do_patchs_0B5_
FNDA:298,_RNCNvNvNtCs9svORWNbXMv_13weaveback_api10apply_back19token_overlap_score6tokens0B7_
FNDA:54,_RNCNvNvNtCs9svORWNbXMv_13weaveback_api10apply_back19token_overlap_score6tokenss0_0B7_
FNDA:111,_RNCNvNvNtCs9svORWNbXMv_13weaveback_api10apply_back19token_overlap_score6tokenss_0B7_
FNDA:103,_RNCNvNvNtCs9svORWNbXMv_13weaveback_api10apply_back20differing_token_pair6tokens0B7_
FNDA:31,_RNCNvNvNtCs9svORWNbXMv_13weaveback_api10apply_back20differing_token_pair6tokenss_0B7_
FNF:229
FNH:141
DA:23,0
DA:26,1
DA:29,0
DA:33,1
DA:34,1
DA:35,0
DA:36,1
DA:37,0
DA:39,1
DA:77,0
DA:78,4
DA:79,4
DA:80,4
DA:81,0
DA:82,0
DA:83,0
DA:84,0
DA:85,4
DA:86,0
DA:87,4
DA:89,0
DA:90,7
DA:91,7
DA:92,1
DA:93,1
DA:94,0
DA:95,0
DA:96,4
DA:97,1
DA:98,0
DA:99,7
DA:100,0
DA:101,4
DA:102,4
DA:103,3
DA:104,1
DA:105,0
DA:106,0
DA:107,0
DA:108,4
DA:109,0
DA:110,4
DA:174,0
DA:175,14
DA:176,14
DA:177,14
DA:179,0
DA:180,14
DA:181,14
DA:182,14
DA:183,14
DA:184,0
DA:185,14
DA:186,14
DA:187,14
DA:188,29
DA:189,29
DA:190,11
DA:191,10
DA:192,18
DA:193,0
DA:194,13
DA:195,14
DA:198,0
DA:199,8
DA:200,8
DA:201,8
DA:202,8
DA:203,8
DA:204,8
DA:205,8
DA:206,8
DA:207,8
DA:208,8
DA:209,8
DA:210,8
DA:211,8
DA:212,0
DA:213,0
DA:214,0
DA:215,8
DA:217,0
DA:218,7
DA:219,12
DA:220,7
DA:221,7
DA:222,7
DA:223,7
DA:224,7
DA:225,0
DA:226,8
DA:227,24
DA:228,95
DA:229,111
DA:230,54
DA:231,24
DA:232,24
DA:233,0
DA:234,8
DA:235,8
DA:236,36
DA:237,67
DA:238,26
DA:239,26
DA:240,0
DA:241,8
DA:242,8
DA:243,0
DA:244,6
DA:245,12
DA:246,24
DA:247,31
DA:248,12
DA:249,12
DA:250,12
DA:251,0
DA:252,6
DA:253,6
DA:254,6
DA:255,1
DA:256,5
DA:257,0
DA:258,5
DA:259,5
DA:260,8
DA:261,5
DA:262,0
DA:263,5
DA:264,4
DA:265,0
DA:266,1
DA:267,0
DA:268,6
DA:280,0
DA:281,6
DA:282,6
DA:283,6
DA:284,6
DA:285,6
DA:286,6
DA:287,6
DA:288,6
DA:289,6
DA:291,0
DA:292,6
DA:293,2
DA:294,2
DA:295,2
DA:296,4
DA:298,0
DA:299,4
DA:300,4
DA:302,0
DA:303,4
DA:304,24
DA:306,0
DA:307,4
DA:308,17
DA:309,0
DA:310,4
DA:311,4
DA:315,0
DA:316,4
DA:317,4
DA:318,4
DA:319,4
DA:320,4
DA:321,0
DA:322,4
DA:323,3
DA:324,3
DA:325,3
DA:326,3
DA:327,3
DA:328,3
DA:329,3
DA:330,1
DA:331,0
DA:332,1
DA:333,6
DA:342,0
DA:343,13
DA:344,13
DA:345,13
DA:346,13
DA:347,13
DA:348,13
DA:349,13
DA:351,0
DA:352,12
DA:353,4
DA:354,8
DA:355,0
DA:356,8
DA:357,8
DA:358,0
DA:359,8
DA:360,8
DA:361,8
DA:362,8
DA:363,6
DA:364,6
DA:365,0
DA:366,6
DA:367,8
DA:368,0
DA:369,8
DA:370,0
DA:371,3
DA:372,0
DA:373,0
DA:374,0
DA:375,3
DA:376,3
DA:377,5
DA:378,0
DA:379,5
DA:380,5
DA:381,5
DA:382,5
DA:383,5
DA:384,5
DA:385,3
DA:386,2
DA:387,1
DA:388,0
DA:389,1
DA:390,0
DA:391,4
DA:392,4
DA:393,0
DA:394,4
DA:395,0
DA:396,4
DA:397,4
DA:398,4
DA:399,4
DA:400,1
DA:401,1
DA:402,0
DA:403,1
DA:404,0
DA:405,1
DA:406,1
DA:407,1
DA:408,1
DA:409,1
DA:410,1
DA:411,0
DA:412,1
DA:413,13
DA:414,0
DA:415,4
DA:416,4
DA:417,4
DA:418,4
DA:419,4
DA:420,4
DA:421,4
DA:422,18
DA:423,18
DA:424,8
DA:425,10
DA:426,18
DA:427,0
DA:428,4
DA:429,0
DA:430,4
DA:431,3
DA:432,3
DA:433,3
DA:434,3
DA:435,4
DA:436,3
DA:437,3
DA:438,0
DA:439,4
DA:440,4
DA:441,8
DA:442,8
DA:443,8
DA:444,0
DA:445,4
DA:446,4
DA:447,0
DA:448,4
DA:449,4
DA:450,4
DA:451,4
DA:452,4
DA:453,4
DA:454,4
DA:455,4
DA:456,4
DA:457,4
DA:458,4
DA:459,4
DA:460,4
DA:461,4
DA:462,4
DA:463,4
DA:464,0
DA:465,10
DA:466,10
DA:467,10
DA:468,10
DA:469,4
DA:470,4
DA:471,4
DA:472,10
DA:473,5
DA:474,1
DA:475,0
DA:476,4
DA:477,0
DA:478,10
DA:479,0
DA:480,2
DA:481,2
DA:482,2
DA:483,2
DA:484,2
DA:485,2
DA:486,2
DA:487,0
DA:488,0
DA:489,2
DA:490,0
DA:491,0
DA:492,0
DA:493,0
DA:494,0
DA:495,0
DA:496,2
DA:497,0
DA:498,2
DA:499,0
DA:500,14
DA:501,14
DA:502,14
DA:503,14
DA:504,14
DA:505,14
DA:506,8
DA:507,14
DA:508,0
DA:509,8
DA:510,6
DA:511,0
DA:512,6
DA:513,6
DA:514,6
DA:515,14
DA:516,0
DA:517,1
DA:518,1
DA:519,1
DA:520,0
DA:521,1
DA:522,1
DA:523,0
DA:524,1
DA:525,0
DA:526,1
DA:527,1
DA:528,1
DA:529,1
DA:530,1
DA:531,0
DA:532,0
DA:533,1
DA:534,0
DA:535,0
DA:536,1
DA:537,1
DA:538,1
DA:539,1
DA:540,1
DA:541,0
DA:542,0
DA:543,1
DA:544,0
DA:545,1
DA:546,1
DA:547,1
DA:548,1
DA:549,1
DA:550,1
DA:551,1
DA:552,1
DA:553,1
DA:554,1
DA:555,1
DA:556,1
DA:557,1
DA:558,0
DA:559,0
DA:560,0
DA:561,0
DA:562,1
DA:564,0
DA:565,1
DA:566,1
DA:567,0
DA:568,3
DA:569,3
DA:570,3
DA:571,3
DA:572,0
DA:573,3
DA:574,3
DA:575,0
DA:576,3
DA:577,0
DA:578,7
DA:579,7
DA:580,7
DA:581,7
DA:582,7
DA:583,0
DA:584,0
DA:585,7
DA:586,5
DA:587,0
DA:588,2
DA:589,2
DA:590,2
DA:591,2
DA:592,2
DA:593,0
DA:594,0
DA:595,2
DA:596,1
DA:597,1
DA:598,1
DA:599,1
DA:600,1
DA:601,1
DA:602,1
DA:603,1
DA:604,1
DA:605,1
DA:606,1
DA:607,1
DA:608,1
DA:609,1
DA:610,0
DA:611,0
DA:612,0
DA:613,0
DA:614,1
DA:616,0
DA:617,3
DA:618,3
DA:619,0
DA:620,3
DA:621,3
DA:622,3
DA:623,3
DA:624,0
DA:625,7
DA:626,7
DA:627,6
DA:628,1
DA:629,1
DA:630,1
DA:631,1
DA:632,0
DA:633,0
DA:634,0
DA:635,1
DA:636,1
DA:637,1
DA:638,1
DA:639,1
DA:640,1
DA:641,0
DA:642,1
DA:643,1
DA:644,1
DA:645,1
DA:646,1
DA:647,1
DA:648,1
DA:649,1
DA:650,0
DA:651,0
DA:652,1
DA:653,1
DA:654,1
DA:655,1
DA:656,1
DA:657,1
DA:658,0
DA:659,1
DA:660,0
DA:661,1
DA:662,1
DA:663,1
DA:664,1
DA:665,1
DA:666,1
DA:667,1
DA:668,0
DA:669,0
DA:670,1
DA:671,0
DA:672,1
DA:673,1
DA:674,1
DA:675,1
DA:676,1
DA:677,1
DA:678,0
DA:679,0
DA:681,0
DA:682,3
DA:683,3
DA:685,0
DA:686,4
DA:687,4
DA:688,4
DA:689,4
DA:690,4
DA:691,4
DA:692,4
DA:693,4
DA:694,4
DA:695,4
DA:696,4
DA:697,4
DA:698,4
DA:699,4
DA:700,4
DA:701,0
DA:702,0
DA:703,4
DA:704,4
DA:705,4
DA:706,0
DA:707,4
DA:708,4
DA:709,4
DA:710,4
DA:711,0
DA:712,0
DA:713,4
DA:714,4
DA:715,0
DA:716,0
DA:717,4
DA:718,4
DA:719,4
DA:720,0
DA:721,4
DA:722,4
DA:723,0
DA:724,4
DA:725,0
DA:726,4
DA:727,4
DA:728,4
DA:729,0
DA:730,0
DA:731,4
DA:733,0
DA:734,0
DA:735,0
DA:736,0
DA:737,0
DA:738,0
DA:739,0
DA:740,0
DA:741,0
DA:742,0
DA:743,0
DA:744,0
DA:745,0
DA:746,0
DA:748,0
DA:749,0
DA:750,0
DA:751,0
DA:752,0
DA:753,0
DA:754,0
DA:755,0
DA:756,0
DA:757,0
DA:758,0
DA:759,0
DA:760,0
DA:761,0
DA:762,0
DA:763,0
DA:764,0
DA:765,0
DA:766,0
DA:767,0
DA:770,0
DA:771,0
DA:772,0
DA:773,0
DA:774,0
DA:775,0
DA:777,0
DA:778,0
DA:779,0
DA:780,0
DA:781,0
DA:782,0
DA:783,0
DA:784,4
DA:786,0
DA:787,1
DA:788,1
DA:789,1
DA:790,1
DA:791,1
DA:792,1
DA:793,1
DA:794,1
DA:795,1
DA:796,1
DA:797,1
DA:798,1
DA:799,1
DA:800,1
DA:801,1
DA:802,1
DA:803,1
DA:804,1
DA:805,1
DA:806,1
DA:807,1
DA:808,1
DA:809,1
DA:810,1
DA:811,0
DA:812,1
DA:813,3
DA:814,3
DA:815,3
DA:816,3
DA:817,3
DA:818,0
DA:819,1
DA:820,0
DA:821,1
DA:822,0
DA:823,1
DA:824,1
DA:825,3
DA:826,3
DA:827,3
DA:828,0
DA:829,0
DA:830,3
DA:831,3
DA:832,3
DA:833,3
DA:834,0
DA:835,0
DA:836,0
DA:837,3
DA:838,0
DA:839,3
DA:840,3
DA:841,3
DA:842,3
DA:843,3
DA:844,3
DA:845,3
DA:846,3
DA:847,3
DA:848,0
DA:849,0
DA:850,0
DA:851,0
DA:852,0
DA:853,0
DA:854,3
DA:855,3
DA:856,1
DA:857,1
DA:858,2
DA:860,0
DA:861,1
DA:862,1
DA:863,0
DA:864,1
DA:865,1
DA:866,1
DA:867,1
DA:868,1
DA:869,1
DA:870,1
DA:871,1
DA:872,1
DA:873,1
DA:874,1
DA:875,0
DA:876,0
DA:877,1
DA:878,0
DA:879,0
DA:880,0
DA:881,0
DA:882,0
DA:884,0
DA:885,0
DA:886,0
DA:887,0
DA:888,0
DA:889,0
DA:890,0
DA:891,0
DA:892,0
DA:893,0
DA:894,0
DA:895,0
DA:896,0
DA:897,0
DA:898,0
DA:899,0
DA:900,0
DA:901,0
DA:902,0
DA:903,0
DA:904,1
DA:908,0
DA:909,16
DA:910,16
DA:911,16
DA:912,16
DA:913,16
DA:914,16
DA:915,16
DA:916,16
DA:917,16
DA:918,16
DA:919,16
DA:920,16
DA:921,16
DA:922,16
DA:923,16
DA:924,15
DA:925,1
DA:926,14
DA:928,0
DA:929,1
DA:930,0
DA:931,1
DA:935,0
DA:936,16
DA:937,16
DA:938,16
DA:939,0
DA:940,0
DA:942,0
DA:943,16
DA:944,11
DA:945,4
DA:946,4
DA:947,7
DA:948,7
DA:949,7
DA:950,0
DA:951,11
DA:953,0
DA:954,5
DA:955,5
DA:956,5
DA:957,5
DA:958,0
DA:959,0
DA:961,0
DA:962,5
DA:963,2
DA:964,2
DA:965,3
DA:966,1
DA:967,0
DA:968,0
DA:969,1
DA:970,1
DA:971,1
DA:972,0
DA:973,0
DA:974,1
DA:975,2
DA:976,0
DA:977,2
DA:978,2
DA:979,2
DA:980,2
DA:981,2
DA:982,0
DA:983,0
DA:984,2
DA:986,0
DA:987,16
DA:999,0
DA:1000,14
DA:1001,14
DA:1002,14
DA:1003,14
DA:1004,14
DA:1005,14
DA:1006,14
DA:1007,14
DA:1008,0
DA:1009,14
DA:1010,32
DA:1011,13
DA:1012,0
DA:1013,13
DA:1014,13
DA:1015,0
DA:1016,13
DA:1017,13
DA:1018,1
DA:1019,1
DA:1020,0
DA:1021,1
DA:1022,0
DA:1023,7
DA:1024,8
DA:1025,8
DA:1026,8
DA:1027,8
DA:1028,0
DA:1029,1
DA:1030,1
DA:1031,1
DA:1032,0
DA:1033,1
DA:1034,0
DA:1035,3
DA:1036,3
DA:1037,0
DA:1038,3
DA:1039,3
DA:1040,0
DA:1041,3
DA:1042,2
DA:1043,2
DA:1044,2
DA:1045,2
DA:1046,2
DA:1047,2
DA:1048,2
DA:1049,2
DA:1050,2
DA:1051,2
DA:1052,2
DA:1053,0
DA:1054,0
DA:1055,2
DA:1056,0
DA:1057,0
DA:1058,0
DA:1059,0
DA:1060,0
DA:1061,0
DA:1062,0
DA:1063,2
DA:1064,2
DA:1065,2
DA:1066,2
DA:1067,2
DA:1068,2
DA:1069,2
DA:1070,0
DA:1071,0
DA:1072,2
DA:1073,0
DA:1074,0
DA:1075,0
DA:1076,0
DA:1077,0
DA:1078,0
DA:1079,0
DA:1080,2
DA:1081,2
DA:1082,0
DA:1083,2
DA:1084,0
DA:1085,1
DA:1086,1
DA:1087,0
DA:1088,1
DA:1091,0
DA:1092,0
DA:1093,0
DA:1094,0
DA:1095,0
DA:1096,0
DA:1097,0
DA:1098,0
DA:1099,0
DA:1100,0
DA:1101,0
DA:1102,0
DA:1103,0
DA:1104,0
DA:1105,0
DA:1106,0
DA:1107,0
DA:1108,0
DA:1109,0
DA:1110,0
DA:1111,0
DA:1112,0
DA:1113,0
DA:1114,0
DA:1115,0
DA:1116,0
DA:1117,0
DA:1118,0
DA:1119,0
DA:1120,0
DA:1121,0
DA:1122,0
DA:1123,0
DA:1124,0
DA:1125,0
DA:1126,0
DA:1127,0
DA:1128,0
DA:1129,0
DA:1130,0
DA:1131,0
DA:1132,0
DA:1133,0
DA:1134,0
DA:1135,0
DA:1136,0
DA:1137,0
DA:1138,0
DA:1139,0
DA:1140,0
DA:1141,0
DA:1142,0
DA:1143,0
DA:1144,0
DA:1145,0
DA:1146,0
DA:1151,0
DA:1152,13
DA:1153,6
DA:1154,6
DA:1155,6
DA:1156,7
DA:1157,0
DA:1158,13
DA:1159,0
DA:1160,13
DA:1161,0
DA:1162,13
DA:1163,14
DA:1164,0
DA:1165,15
DA:1166,15
DA:1167,15
DA:1168,0
DA:1169,19
DA:1170,19
DA:1171,3
DA:1172,0
DA:1173,3
DA:1174,0
DA:1175,3
DA:1176,16
DA:1177,0
DA:1178,16
DA:1181,0
DA:1182,16
DA:1183,16
DA:1184,16
DA:1185,1
DA:1186,1
DA:1187,1
DA:1188,0
DA:1189,15
DA:1192,0
DA:1193,16
DA:1194,16
DA:1195,16
DA:1196,16
DA:1197,16
DA:1198,16
DA:1199,0
DA:1200,16
DA:1201,13
DA:1202,0
DA:1203,3
DA:1204,3
DA:1205,3
DA:1206,3
DA:1208,0
DA:1209,16
DA:1211,0
DA:1212,16
DA:1213,16
DA:1214,0
DA:1215,16
DA:1216,0
DA:1217,16
DA:1218,15
DA:1219,15
DA:1220,14
DA:1221,0
DA:1222,1
DA:1223,1
DA:1226,0
DA:1227,14
DA:1228,0
DA:1229,13
DA:1230,13
DA:1231,0
DA:1232,13
DA:1233,13
DA:1234,13
DA:1235,13
DA:1236,0
DA:1237,13
DA:1238,13
DA:1239,0
DA:1240,13
DA:1241,19
DA:1242,19
DA:1243,6
DA:1244,0
DA:1245,9
DA:1246,9
DA:1247,9
DA:1249,0
DA:1250,9
DA:1251,7
DA:1252,7
DA:1253,7
DA:1254,0
DA:1255,7
DA:1256,3
DA:1257,3
DA:1258,0
DA:1259,3
DA:1260,4
DA:1261,4
DA:1262,4
DA:1263,0
DA:1264,4
DA:1265,4
DA:1266,4
DA:1267,4
DA:1268,4
DA:1269,4
DA:1271,0
DA:1272,4
DA:1273,4
DA:1274,4
DA:1275,0
DA:1276,0
DA:1277,0
DA:1278,0
DA:1279,0
DA:1280,0
DA:1281,0
DA:1282,4
DA:1283,0
DA:1284,4
DA:1285,0
DA:1286,0
DA:1287,0
DA:1288,0
DA:1289,0
DA:1290,0
DA:1291,0
DA:1292,0
DA:1293,0
DA:1294,0
DA:1295,0
DA:1296,0
DA:1297,0
DA:1298,0
DA:1299,0
DA:1300,0
DA:1301,0
DA:1302,0
DA:1303,0
DA:1304,0
DA:1305,0
DA:1306,4
DA:1307,4
DA:1308,0
DA:1309,0
DA:1310,4
DA:1312,0
DA:1313,4
DA:1314,4
DA:1315,4
DA:1316,4
DA:1317,4
DA:1318,4
DA:1319,4
DA:1320,0
DA:1321,0
DA:1322,4
DA:1324,0
DA:1325,7
DA:1326,2
DA:1329,0
DA:1330,2
DA:1331,3
DA:1332,3
DA:1334,0
DA:1335,3
DA:1336,1
DA:1337,1
DA:1338,2
DA:1339,1
DA:1340,0
DA:1341,2
DA:1342,1
DA:1343,0
DA:1344,1
DA:1345,1
DA:1346,1
DA:1347,1
DA:1348,1
DA:1349,1
DA:1350,0
DA:1351,0
DA:1352,1
DA:1353,1
DA:1354,0
DA:1355,0
DA:1356,1
DA:1357,1
DA:1358,0
DA:1359,1
DA:1360,0
DA:1361,1
DA:1362,0
DA:1363,1
DA:1364,0
DA:1365,1
DA:1367,0
DA:1368,2
DA:1369,2
DA:1370,2
DA:1371,2
DA:1373,0
DA:1374,2
DA:1375,1
DA:1376,1
DA:1377,1
DA:1378,1
DA:1379,0
DA:1380,1
DA:1381,1
DA:1382,0
DA:1383,1
DA:1384,1
DA:1385,1
DA:1386,1
DA:1387,1
DA:1388,1
DA:1389,0
DA:1390,0
DA:1391,1
DA:1392,1
DA:1393,1
DA:1394,0
DA:1395,1
DA:1396,1
DA:1397,0
DA:1398,1
DA:1399,0
DA:1400,1
DA:1401,0
DA:1402,1
DA:1403,0
DA:1404,1
DA:1406,0
DA:1407,2
DA:1408,2
DA:1409,2
DA:1410,2
DA:1411,0
DA:1412,0
DA:1413,0
DA:1415,0
DA:1416,2
DA:1417,1
DA:1418,1
DA:1419,0
DA:1420,1
DA:1421,0
DA:1422,1
DA:1423,1
DA:1424,1
DA:1425,1
DA:1426,1
DA:1427,1
DA:1428,0
DA:1429,0
DA:1430,1
DA:1431,1
DA:1432,0
DA:1433,0
DA:1434,1
DA:1435,1
DA:1436,1
DA:1437,1
DA:1438,1
DA:1439,0
DA:1440,0
DA:1441,1
DA:1446,0
DA:1447,13
DA:1448,7
DA:1449,7
DA:1450,7
DA:1451,3
DA:1452,3
DA:1453,7
DA:1455,0
DA:1456,7
DA:1457,7
DA:1458,7
DA:1459,1
DA:1460,0
DA:1461,1
DA:1462,1
DA:1463,1
DA:1464,1
DA:1465,1
DA:1466,6
DA:1467,0
DA:1468,7
DA:1469,7
DA:1470,7
DA:1471,7
DA:1472,7
DA:1473,7
DA:1474,7
DA:1475,7
DA:1476,0
DA:1477,0
DA:1478,7
DA:1479,0
DA:1480,7
DA:1481,0
DA:1483,0
DA:1484,13
DA:1485,6
DA:1486,7
DA:1487,5
DA:1488,5
DA:1489,2
DA:1490,2
DA:1491,2
DA:1492,2
DA:1493,2
DA:1494,2
DA:1496,0
DA:1497,16
DA:1498,4
DA:1499,12
DA:1500,0
DA:1501,16
DA:1502,19
DA:1510,20
DA:1511,20
DA:1512,20
DA:1517,1
DA:1518,1
DA:1519,1
DA:1520,1
DA:1523,1
DA:1524,1
DA:1525,1
DA:1526,1
DA:1529,1
DA:1530,1
DA:1532,1
DA:1533,1
DA:1536,1
DA:1539,1
DA:1540,1
DA:1541,1
DA:1546,1
DA:1547,1
DA:1548,1
DA:1549,1
DA:1550,1
DA:1553,1
DA:1554,1
DA:1555,1
DA:1556,1
DA:1557,1
DA:1562,1
DA:1564,1
DA:1565,1
DA:1566,1
DA:1569,1
DA:1570,1
DA:1571,1
DA:1572,1
DA:1577,1
DA:1578,1
DA:1579,1
DA:1580,1
DA:1583,1
DA:1584,1
DA:1585,1
DA:1586,1
DA:1589,1
DA:1590,1
DA:1591,1
DA:1592,1
DA:1597,1
DA:1598,1
DA:1600,1
DA:1601,1
DA:1602,1
DA:1605,1
DA:1606,1
DA:1607,1
DA:1608,1
DA:1609,1
DA:1612,1
DA:1615,1
DA:1616,1
DA:1617,1
DA:1622,1
DA:1623,1
DA:1624,1
DA:1627,1
DA:1631,1
DA:1632,1
DA:1633,1
DA:1634,1
DA:1639,1
DA:1641,1
DA:1642,1
DA:1643,1
DA:1646,1
DA:1647,1
DA:1648,1
DA:1649,1
DA:1652,1
DA:1654,1
DA:1655,1
DA:1656,1
DA:1657,1
DA:1660,1
DA:1661,1
DA:1664,1
DA:1665,1
DA:1666,1
DA:1667,1
DA:1672,1
DA:1673,1
DA:1674,1
DA:1675,1
DA:1676,1
DA:1681,1
DA:1682,1
DA:1683,1
DA:1684,1
DA:1685,1
DA:1686,1
DA:1687,1
DA:1688,1
DA:1691,1
DA:1692,1
DA:1693,1
DA:1694,1
DA:1695,1
DA:1699,1
DA:1700,1
DA:1701,1
DA:1702,1
DA:1703,1
DA:1704,1
DA:1709,1
DA:1710,1
DA:1711,1
DA:1712,1
DA:1715,1
DA:1716,1
DA:1717,1
DA:1718,1
DA:1723,1
DA:1725,1
DA:1726,1
DA:1727,1
DA:1728,1
DA:1729,1
DA:1732,1
DA:1733,1
DA:1734,1
DA:1735,1
DA:1736,1
DA:1737,1
DA:1740,1
DA:1741,1
DA:1742,1
DA:1743,1
DA:1744,1
DA:1745,1
DA:1750,1
DA:1751,1
DA:1752,1
DA:1753,1
DA:1754,1
DA:1755,1
DA:1756,1
DA:1757,1
DA:1758,1
DA:1759,1
DA:1760,1
DA:1761,1
DA:1762,1
DA:1765,1
DA:1766,1
DA:1767,1
DA:1768,1
DA:1769,1
DA:1770,1
DA:1771,1
DA:1772,1
DA:1773,1
DA:1774,1
DA:1775,1
DA:1778,1
DA:1779,1
DA:1780,1
DA:1781,1
DA:1782,1
DA:1783,1
DA:1784,1
DA:1785,1
DA:1786,1
DA:1787,1
DA:1788,1
DA:1789,1
DA:1792,1
DA:1793,1
DA:1794,1
DA:1795,1
DA:1796,1
DA:1797,1
DA:1798,1
DA:1799,1
DA:1800,1
DA:1801,1
DA:1802,1
DA:1803,1
DA:1808,1
DA:1809,1
DA:1810,1
DA:1811,1
DA:1812,1
DA:1817,1
DA:1818,1
DA:1819,1
DA:1820,1
DA:1821,1
DA:1823,1
DA:1824,1
DA:1825,1
DA:1826,1
DA:1829,1
DA:1830,1
DA:1831,1
DA:1832,1
DA:1834,1
DA:1835,1
DA:1838,1
DA:1839,1
DA:1840,1
DA:1841,1
DA:1846,1
DA:1848,1
DA:1849,1
DA:1850,1
DA:1851,1
DA:1852,1
DA:1853,1
DA:1854,1
DA:1855,1
DA:1856,1
DA:1857,1
DA:1858,1
DA:1859,1
DA:1860,1
DA:1865,1
DA:1870,1
DA:1871,1
DA:1872,1
DA:1873,1
DA:1876,1
DA:1877,1
DA:1878,1
DA:1879,1
DA:1880,1
DA:1883,1
DA:1885,1
DA:1886,1
DA:1887,1
DA:1894,27
DA:1895,27
DA:1897,27
DA:1898,27
DA:1900,27
DA:1901,27
DA:1902,27
DA:1903,27
DA:1904,28
DA:1905,28
DA:1906,28
DA:1907,28
DA:1908,28
DA:1909,28
DA:1910,28
DA:1911,26
DA:1912,26
DA:1913,26
DA:1916,27
DA:1917,27
DA:1918,27
DA:1922,1
DA:1923,1
DA:1924,1
DA:1925,1
DA:1926,1
DA:1927,1
DA:1928,1
DA:1929,1
DA:1930,1
DA:1931,1
DA:1932,1
DA:1933,1
DA:1934,1
DA:1935,1
DA:1938,1
DA:1939,1
DA:1940,1
DA:1941,1
DA:1942,1
DA:1944,1
DA:1945,1
DA:1946,1
DA:1947,1
DA:1948,1
DA:1949,1
DA:1950,1
DA:1951,1
DA:1952,1
DA:1953,1
DA:1954,1
DA:1955,1
DA:1958,1
DA:1959,1
DA:1960,1
DA:1961,1
DA:1963,1
DA:1964,1
DA:1965,1
DA:1966,1
DA:1967,1
DA:1968,1
DA:1969,1
DA:1970,1
DA:1971,1
DA:1972,1
DA:1973,1
DA:1974,1
DA:1977,1
DA:1978,1
DA:1979,1
DA:1980,1
DA:1981,1
DA:1983,1
DA:1984,1
DA:1985,1
DA:1986,1
DA:1987,1
DA:1988,1
DA:1989,1
DA:1990,1
DA:1991,1
DA:1992,1
DA:1993,1
DA:1994,1
DA:1995,1
DA:2000,1
DA:2001,1
DA:2002,1
DA:2003,1
DA:2004,1
DA:2006,1
DA:2007,1
DA:2008,1
DA:2009,1
DA:2011,1
DA:2012,1
DA:2013,1
DA:2014,1
DA:2015,1
DA:2017,0
DA:2019,1
DA:2022,1
DA:2023,1
DA:2024,1
DA:2025,1
DA:2026,1
DA:2028,1
DA:2029,1
DA:2030,1
DA:2031,1
DA:2033,1
DA:2034,1
DA:2035,1
DA:2036,1
DA:2038,0
DA:2040,1
DA:2045,1
DA:2046,1
DA:2047,1
DA:2048,1
DA:2049,1
DA:2050,1
DA:2052,1
DA:2053,1
DA:2055,1
DA:2056,1
DA:2061,1
DA:2062,1
DA:2063,1
DA:2064,1
DA:2065,1
DA:2066,1
DA:2067,1
DA:2068,1
DA:2069,1
DA:2070,1
DA:2072,1
DA:2073,1
DA:2074,1
DA:2076,1
DA:2077,1
DA:2078,1
DA:2079,1
DA:2080,1
DA:2081,1
DA:2082,1
DA:2083,1
DA:2084,1
DA:2085,1
DA:2086,1
DA:2088,1
DA:2089,1
DA:2090,1
DA:2091,1
DA:2092,1
DA:2095,1
DA:2096,1
DA:2097,1
DA:2098,1
DA:2099,1
DA:2100,1
DA:2101,1
DA:2102,1
DA:2103,1
DA:2104,1
DA:2106,1
DA:2107,1
DA:2108,1
DA:2110,1
DA:2111,1
DA:2112,1
DA:2113,1
DA:2114,1
DA:2115,1
DA:2116,1
DA:2117,1
DA:2118,1
DA:2119,1
DA:2120,1
DA:2121,1
DA:2123,1
DA:2124,1
DA:2125,1
DA:2126,1
DA:2129,1
DA:2130,1
DA:2131,1
DA:2134,1
DA:2135,1
DA:2136,1
DA:2138,1
DA:2139,1
DA:2140,1
DA:2141,1
DA:2142,1
DA:2143,1
DA:2144,1
DA:2145,1
DA:2146,1
DA:2147,1
DA:2149,1
DA:2150,1
DA:2151,1
DA:2152,1
DA:2157,1
DA:2158,1
DA:2159,1
DA:2160,1
DA:2162,1
DA:2163,1
DA:2164,1
DA:2165,1
DA:2166,1
DA:2167,1
DA:2168,1
DA:2169,1
DA:2170,1
DA:2171,1
DA:2172,1
DA:2173,1
DA:2174,1
DA:2175,1
DA:2176,1
DA:2177,1
DA:2178,1
DA:2179,1
DA:2180,1
DA:2182,1
DA:2183,1
DA:2184,1
DA:2186,1
DA:2187,1
DA:2188,1
DA:2189,1
DA:2192,1
DA:2193,1
DA:2194,1
DA:2195,1
DA:2197,1
DA:2198,1
DA:2199,1
DA:2200,1
DA:2201,1
DA:2202,1
DA:2203,1
DA:2204,1
DA:2205,1
DA:2206,1
DA:2207,1
DA:2208,1
DA:2209,1
DA:2210,1
DA:2211,1
DA:2212,1
DA:2213,1
DA:2214,1
DA:2215,1
DA:2217,1
DA:2218,1
DA:2219,1
DA:2221,1
DA:2222,1
DA:2223,1
DA:2224,1
DA:2225,1
DA:2228,1
DA:2229,1
DA:2230,1
DA:2231,1
DA:2233,1
DA:2234,1
DA:2235,1
DA:2236,1
DA:2237,1
DA:2238,1
DA:2239,1
DA:2240,1
DA:2241,1
DA:2242,1
DA:2243,1
DA:2244,1
DA:2245,1
DA:2246,1
DA:2247,1
DA:2248,1
DA:2249,1
DA:2250,1
DA:2251,1
DA:2253,1
DA:2254,1
DA:2255,1
DA:2257,1
DA:2258,1
DA:2261,1
DA:2262,1
DA:2263,1
DA:2268,1
DA:2269,1
DA:2270,1
DA:2272,1
DA:2273,1
DA:2276,1
DA:2278,1
DA:2279,1
DA:2280,1
DA:2281,1
DA:2282,1
DA:2283,1
DA:2284,1
DA:2285,1
DA:2288,1
DA:2289,1
DA:2290,1
DA:2291,1
DA:2294,1
DA:2295,1
DA:2296,1
DA:2298,1
DA:2299,1
DA:2300,1
DA:2301,1
DA:2302,1
DA:2303,1
DA:2304,1
DA:2305,1
DA:2306,1
DA:2307,1
DA:2309,1
DA:2310,1
DA:2313,1
DA:2314,1
DA:2315,1
DA:2316,1
DA:2317,1
DA:2319,1
DA:2320,1
DA:2321,1
DA:2322,1
DA:2323,1
DA:2324,1
DA:2326,1
DA:2327,1
DA:2328,1
DA:2329,1
DA:2330,1
DA:2331,1
DA:2332,1
DA:2333,1
DA:2334,1
DA:2335,1
DA:2338,1
DA:2339,1
DA:2342,1
DA:2343,1
DA:2344,1
DA:2346,1
DA:2347,1
DA:2348,1
DA:2351,1
DA:2352,1
DA:2355,1
DA:2356,1
DA:2357,1
DA:2358,1
DA:2359,1
DA:2360,1
DA:2361,1
DA:2362,1
DA:2363,1
DA:2366,1
DA:2368,1
DA:2369,1
DA:2370,1
DA:2371,1
DA:2372,1
DA:2373,1
DA:2374,1
DA:2375,1
DA:2376,1
DA:2379,1
DA:2380,1
DA:2383,1
DA:2384,1
DA:2385,1
DA:2388,1
DA:2389,1
DA:2390,1
DA:2392,1
DA:2393,1
DA:2394,1
DA:2397,1
DA:2398,1
DA:2400,1
DA:2401,1
DA:2404,1
DA:2405,1
DA:2406,1
DA:2407,1
DA:2408,1
DA:2409,1
DA:2410,1
DA:2411,1
DA:2412,1
DA:2413,1
DA:2416,1
DA:2418,1
DA:2419,1
DA:2420,1
DA:2421,1
DA:2422,1
DA:2423,1
DA:2424,1
DA:2425,1
DA:2426,1
DA:2429,1
DA:2430,1
DA:2432,1
DA:2433,1
DA:2434,1
DA:2437,1
DA:2438,1
DA:2439,1
DA:2441,1
DA:2442,1
DA:2444,1
DA:2445,1
DA:2446,1
DA:2447,1
DA:2448,1
DA:2449,1
DA:2450,1
DA:2451,1
DA:2452,1
DA:2453,1
DA:2456,1
DA:2462,1
DA:2463,1
DA:2464,1
DA:2465,1
DA:2466,1
DA:2467,1
DA:2468,1
DA:2474,1
DA:2475,1
DA:2476,1
DA:2477,1
DA:2478,1
DA:2479,1
DA:2480,1
DA:2481,1
DA:2482,1
DA:2483,1
DA:2484,1
DA:2485,1
DA:2486,1
DA:2487,1
DA:2488,1
DA:2489,1
DA:2490,1
DA:2491,1
DA:2492,1
DA:2494,1
DA:2495,1
DA:2496,1
DA:2498,1
DA:2501,1
DA:2502,1
DA:2503,1
DA:2506,1
DA:2507,1
DA:2508,1
DA:2510,1
DA:2511,1
DA:2512,1
DA:2513,1
DA:2516,1
DA:2517,1
DA:2518,1
DA:2519,1
DA:2522,1
DA:2523,1
DA:2524,1
DA:2525,1
DA:2526,1
DA:2527,1
DA:2528,1
DA:2529,1
DA:2530,1
DA:2531,1
DA:2532,1
DA:2533,1
DA:2534,1
DA:2535,1
DA:2537,1
DA:2538,1
DA:2540,1
DA:2541,1
DA:2542,1
DA:2543,1
DA:2544,1
DA:2545,1
DA:2546,1
DA:2547,1
DA:2548,1
DA:2551,1
DA:2552,1
DA:2553,1
DA:2556,1
DA:2557,1
DA:2558,1
DA:2559,1
DA:2560,1
DA:2561,1
DA:2562,1
DA:2563,1
DA:2564,1
DA:2565,1
DA:2566,1
DA:2567,1
DA:2568,1
DA:2569,1
DA:2570,1
DA:2571,1
DA:2572,1
DA:2573,1
DA:2576,1
DA:2577,1
DA:2578,1
DA:2579,1
DA:2580,1
DA:2581,1
DA:2582,1
DA:2584,1
DA:2585,1
DA:2586,1
DA:2587,1
DA:2588,1
DA:2589,1
DA:2590,1
DA:2591,1
DA:2592,1
DA:2593,1
DA:2594,1
DA:2595,1
DA:2596,1
DA:2601,1
DA:2603,1
DA:2604,1
DA:2605,1
DA:2606,1
DA:2607,1
DA:2608,1
DA:2609,1
DA:2611,1
DA:2612,1
DA:2613,1
DA:2614,1
DA:2615,1
DA:2618,1
DA:2619,1
DA:2620,1
DA:2622,1
DA:2624,1
DA:2625,1
DA:2627,1
DA:2628,1
DA:2629,1
DA:2630,1
DA:2631,1
DA:2632,1
DA:2633,1
DA:2634,1
DA:2636,1
DA:2637,1
DA:2638,1
DA:2639,1
DA:2640,1
DA:2641,1
DA:2642,1
DA:2643,1
DA:2644,1
DA:2645,1
DA:2646,1
DA:2647,1
DA:2648,1
DA:2649,1
DA:2650,1
DA:2651,1
DA:2652,1
DA:2653,1
DA:2654,1
DA:2656,1
DA:2657,1
DA:2658,1
DA:2660,1
DA:2664,1
DA:2665,1
DA:2668,1
DA:2669,1
DA:2670,1
DA:2671,1
DA:2672,1
DA:2674,1
DA:2675,1
DA:2676,1
DA:2677,1
DA:2678,1
DA:2680,1
DA:2681,1
DA:2682,1
DA:2683,1
DA:2684,1
DA:2685,1
DA:2686,1
DA:2687,1
DA:2688,1
DA:2689,1
DA:2691,1
DA:2692,1
DA:2693,1
DA:2696,1
DA:2697,1
DA:2698,1
DA:2699,1
DA:2700,1
DA:2702,1
DA:2703,1
DA:2704,1
DA:2705,1
DA:2706,1
DA:2707,1
DA:2708,1
DA:2709,1
DA:2710,1
DA:2711,1
DA:2712,1
DA:2713,1
DA:2716,1
DA:2717,1
DA:2718,1
DA:2719,1
DA:2721,1
DA:2724,1
DA:2725,1
DA:2726,1
DA:2727,1
DA:2728,1
DA:2729,1
DA:2730,1
DA:2731,1
DA:2732,1
DA:2733,1
DA:2734,1
DA:2737,1
DA:2738,1
DA:2739,1
DA:2740,1
DA:2741,1
DA:2744,1
DA:2745,1
DA:2746,1
DA:2747,1
DA:2748,1
DA:2749,1
DA:2751,1
DA:2752,1
DA:2754,1
DA:2755,1
DA:2756,1
DA:2757,1
DA:2760,1
DA:2761,1
DA:2762,1
DA:2763,1
DA:2764,1
DA:2765,1
DA:2766,1
DA:2767,1
DA:2769,1
DA:2770,1
DA:2771,1
DA:2772,1
DA:2773,1
DA:2776,1
DA:2777,1
DA:2778,1
DA:2779,1
DA:2781,1
DA:2782,1
DA:2783,1
DA:2784,1
DA:2785,1
DA:2786,1
DA:2787,1
DA:2788,1
DA:2789,1
DA:2790,1
DA:2791,1
DA:2792,1
DA:2793,1
DA:2794,1
DA:2795,1
DA:2796,1
DA:2797,1
DA:2798,1
DA:2799,1
DA:2800,1
DA:2801,1
DA:2802,1
DA:2803,1
DA:2804,1
BRF:0
BRH:0
LF:3210
LH:1871
end_of_record
SF:/home/g4/_prj/weaveback/crates/weaveback-api/src/coverage.rs
FN:693,_RINvNtCsaY2CvWUtqiY_13weaveback_api8coverage25explain_unattributed_fileQNtNtNtCshbt5Cx3aOt7_3std2io5stdio6StdoutEB4_
FN:1278,_RINvNtCsaY2CvWUtqiY_13weaveback_api8coverage26emit_cargo_summary_messageQQNtNtNtCshbt5Cx3aOt7_3std2io5stdio10StdoutLockEB4_
FN:1246,_RINvNtCsaY2CvWUtqiY_13weaveback_api8coverage28emit_augmented_cargo_messageQQNtNtNtCshbt5Cx3aOt7_3std2io5stdio10StdoutLockEB4_
FN:1336,_RINvNtCsaY2CvWUtqiY_13weaveback_api8coverage29emit_text_attribution_messageQQNtNtNtCshbt5Cx3aOt7_3std2io5stdio10StdoutLockEB4_
FN:1378,_RINvNtCsaY2CvWUtqiY_13weaveback_api8coverage29run_cargo_annotated_to_writerQNtNtNtCshbt5Cx3aOt7_3std2io5stdio10StdoutLockEB4_
FN:731,_RINvNtCsaY2CvWUtqiY_13weaveback_api8coverage32print_coverage_summary_to_writerQNtNtNtCshbt5Cx3aOt7_3std2io5stdio6StdoutEB4_
FN:708,_RNCINvNtCsaY2CvWUtqiY_13weaveback_api8coverage25explain_unattributed_fileQNtNtNtCshbt5Cx3aOt7_3std2io5stdio6StdoutE0B6_
FN:1392,_RNCINvNtCsaY2CvWUtqiY_13weaveback_api8coverage29run_cargo_annotated_to_writerQNtNtNtCshbt5Cx3aOt7_3std2io5stdio10StdoutLockE0B6_
FN:1409,_RNCINvNtCsaY2CvWUtqiY_13weaveback_api8coverage29run_cargo_annotated_to_writerQNtNtNtCshbt5Cx3aOt7_3std2io5stdio10StdoutLockEs0_0B6_
FN:1422,_RNCINvNtCsaY2CvWUtqiY_13weaveback_api8coverage29run_cargo_annotated_to_writerQNtNtNtCshbt5Cx3aOt7_3std2io5stdio10StdoutLockEs1_0B6_
FN:1426,_RNCINvNtCsaY2CvWUtqiY_13weaveback_api8coverage29run_cargo_annotated_to_writerQNtNtNtCshbt5Cx3aOt7_3std2io5stdio10StdoutLockEs2_0B6_
FN:1433,_RNCINvNtCsaY2CvWUtqiY_13weaveback_api8coverage29run_cargo_annotated_to_writerQNtNtNtCshbt5Cx3aOt7_3std2io5stdio10StdoutLockEs3_0B6_
FN:1395,_RNCINvNtCsaY2CvWUtqiY_13weaveback_api8coverage29run_cargo_annotated_to_writerQNtNtNtCshbt5Cx3aOt7_3std2io5stdio10StdoutLockEs_0B6_
FN:761,_RNCINvNtCsaY2CvWUtqiY_13weaveback_api8coverage32print_coverage_summary_to_writerQNtNtNtCshbt5Cx3aOt7_3std2io5stdio6StdoutE0B6_
FN:768,_RNCINvNtCsaY2CvWUtqiY_13weaveback_api8coverage32print_coverage_summary_to_writerQNtNtNtCshbt5Cx3aOt7_3std2io5stdio6StdoutEs_0B6_
FN:764,_RNCNCINvNtCsaY2CvWUtqiY_13weaveback_api8coverage32print_coverage_summary_to_writerQNtNtNtCshbt5Cx3aOt7_3std2io5stdio6StdoutE00B8_
FN:542,_RNCNCNCNCNCNvNtCsaY2CvWUtqiY_13weaveback_api8coverage22build_coverage_summarysc_0s_0000Bd_
FN:552,_RNCNCNCNCNCNvNtCsaY2CvWUtqiY_13weaveback_api8coverage22build_coverage_summarysc_0s_00s_00Bd_
FN:539,_RNCNCNCNCNvNtCsaY2CvWUtqiY_13weaveback_api8coverage22build_coverage_summarysc_0s_000Bb_
FN:549,_RNCNCNCNCNvNtCsaY2CvWUtqiY_13weaveback_api8coverage22build_coverage_summarysc_0s_00s_0Bb_
FN:536,_RNCNCNCNvNtCsaY2CvWUtqiY_13weaveback_api8coverage22build_coverage_summarysc_0s_00B9_
FN:837,_RNCNCNCNvNtCsaY2CvWUtqiY_13weaveback_api8coverage27build_coverage_summary_view000B9_
FN:366,_RNCNCNvNtCsaY2CvWUtqiY_13weaveback_api8coverage22build_coverage_summarys1_00B7_
FN:455,_RNCNCNvNtCsaY2CvWUtqiY_13weaveback_api8coverage22build_coverage_summarys9_00B7_
FN:520,_RNCNCNvNtCsaY2CvWUtqiY_13weaveback_api8coverage22build_coverage_summarysc_00B7_
FN:533,_RNCNCNvNtCsaY2CvWUtqiY_13weaveback_api8coverage22build_coverage_summarysc_0s_0B7_
FN:574,_RNCNCNvNtCsaY2CvWUtqiY_13weaveback_api8coverage22build_coverage_summarysd_00B7_
FN:601,_RNCNCNvNtCsaY2CvWUtqiY_13weaveback_api8coverage22build_coverage_summarysf_00B7_
FN:833,_RNCNCNvNtCsaY2CvWUtqiY_13weaveback_api8coverage27build_coverage_summary_view00B7_
FN:1064,_RNCNCNvNtCsaY2CvWUtqiY_13weaveback_api8coverage31build_cargo_attribution_summarys2_00B7_
FN:1118,_RNCNCNvNtCsaY2CvWUtqiY_13weaveback_api8coverage31build_cargo_attribution_summarys4_00B7_
FN:1049,_RNCNCNvNtCsaY2CvWUtqiY_13weaveback_api8coverage31build_cargo_attribution_summarys_00B7_
FN:1160,_RNCNCNvNtCsaY2CvWUtqiY_13weaveback_api8coverage34build_location_attribution_summarys0_00B7_
FN:1175,_RNCNCNvNtCsaY2CvWUtqiY_13weaveback_api8coverage34build_location_attribution_summarys3_00B7_
FN:1221,_RNCNCNvNtCsaY2CvWUtqiY_13weaveback_api8coverage34build_location_attribution_summarys7_00B7_
FN:1230,_RNCNCNvNtCsaY2CvWUtqiY_13weaveback_api8coverage34build_location_attribution_summarys7_0s_0B7_
FN:1530,_RNCNvNtCsaY2CvWUtqiY_13weaveback_api8coverage10run_search0B5_
FN:212,_RNCNvNtCsaY2CvWUtqiY_13weaveback_api8coverage13run_attribute0B5_
FN:213,_RNCNvNtCsaY2CvWUtqiY_13weaveback_api8coverage13run_attributes_0B5_
FN:245,_RNCNvNtCsaY2CvWUtqiY_13weaveback_api8coverage18parse_lcov_records0B5_
FN:248,_RNCNvNtCsaY2CvWUtqiY_13weaveback_api8coverage18parse_lcov_recordss_0B5_
FN:323,_RNCNvNtCsaY2CvWUtqiY_13weaveback_api8coverage22build_coverage_summary0B5_
FN:327,_RNCNvNtCsaY2CvWUtqiY_13weaveback_api8coverage22build_coverage_summarys0_0B5_
FN:365,_RNCNvNtCsaY2CvWUtqiY_13weaveback_api8coverage22build_coverage_summarys1_0B5_
FN:381,_RNCNvNtCsaY2CvWUtqiY_13weaveback_api8coverage22build_coverage_summarys2_0B5_
FN:382,_RNCNvNtCsaY2CvWUtqiY_13weaveback_api8coverage22build_coverage_summarys3_0B5_
FN:420,_RNCNvNtCsaY2CvWUtqiY_13weaveback_api8coverage22build_coverage_summarys4_0B5_
FN:421,_RNCNvNtCsaY2CvWUtqiY_13weaveback_api8coverage22build_coverage_summarys5_0B5_
FN:425,_RNCNvNtCsaY2CvWUtqiY_13weaveback_api8coverage22build_coverage_summarys6_0B5_
FN:426,_RNCNvNtCsaY2CvWUtqiY_13weaveback_api8coverage22build_coverage_summarys7_0B5_
FN:451,_RNCNvNtCsaY2CvWUtqiY_13weaveback_api8coverage22build_coverage_summarys8_0B5_
FN:452,_RNCNvNtCsaY2CvWUtqiY_13weaveback_api8coverage22build_coverage_summarys9_0B5_
FN:326,_RNCNvNtCsaY2CvWUtqiY_13weaveback_api8coverage22build_coverage_summarys_0B5_
FN:467,_RNCNvNtCsaY2CvWUtqiY_13weaveback_api8coverage22build_coverage_summarysa_0B5_
FN:503,_RNCNvNtCsaY2CvWUtqiY_13weaveback_api8coverage22build_coverage_summarysb_0B5_
FN:516,_RNCNvNtCsaY2CvWUtqiY_13weaveback_api8coverage22build_coverage_summarysc_0B5_
FN:571,_RNCNvNtCsaY2CvWUtqiY_13weaveback_api8coverage22build_coverage_summarysd_0B5_
FN:583,_RNCNvNtCsaY2CvWUtqiY_13weaveback_api8coverage22build_coverage_summaryse_0B5_
FN:598,_RNCNvNtCsaY2CvWUtqiY_13weaveback_api8coverage22build_coverage_summarysf_0B5_
FN:658,_RNCNvNtCsaY2CvWUtqiY_13weaveback_api8coverage23compute_unmapped_ranges0B5_
FN:61,_RNCNvNtCsaY2CvWUtqiY_13weaveback_api8coverage24parse_generated_location0B5_
FN:75,_RNCNvNtCsaY2CvWUtqiY_13weaveback_api8coverage24parse_generated_locations0_0B5_
FN:81,_RNCNvNtCsaY2CvWUtqiY_13weaveback_api8coverage24parse_generated_locations1_0B5_
FN:89,_RNCNvNtCsaY2CvWUtqiY_13weaveback_api8coverage24parse_generated_locations2_0B5_
FN:67,_RNCNvNtCsaY2CvWUtqiY_13weaveback_api8coverage24parse_generated_locations_0B5_
FN:117,_RNCNvNtCsaY2CvWUtqiY_13weaveback_api8coverage24scan_generated_locations0B5_
FN:1013,_RNCNvNtCsaY2CvWUtqiY_13weaveback_api8coverage24trace_generated_location0B5_
FN:828,_RNCNvNtCsaY2CvWUtqiY_13weaveback_api8coverage27build_coverage_summary_view0B5_
FN:863,_RNCNvNtCsaY2CvWUtqiY_13weaveback_api8coverage27build_coverage_summary_views0_0B5_
FN:864,_RNCNvNtCsaY2CvWUtqiY_13weaveback_api8coverage27build_coverage_summary_views1_0B5_
FN:851,_RNCNvNtCsaY2CvWUtqiY_13weaveback_api8coverage27build_coverage_summary_views_0B5_
FN:1048,_RNCNvNtCsaY2CvWUtqiY_13weaveback_api8coverage31build_cargo_attribution_summary0B5_
FN:1055,_RNCNvNtCsaY2CvWUtqiY_13weaveback_api8coverage31build_cargo_attribution_summarys0_0B5_
FN:1060,_RNCNvNtCsaY2CvWUtqiY_13weaveback_api8coverage31build_cargo_attribution_summarys1_0B5_
FN:1061,_RNCNvNtCsaY2CvWUtqiY_13weaveback_api8coverage31build_cargo_attribution_summarys2_0B5_
FN:1096,_RNCNvNtCsaY2CvWUtqiY_13weaveback_api8coverage31build_cargo_attribution_summarys3_0B5_
FN:1111,_RNCNvNtCsaY2CvWUtqiY_13weaveback_api8coverage31build_cargo_attribution_summarys4_0B5_
FN:1049,_RNCNvNtCsaY2CvWUtqiY_13weaveback_api8coverage31build_cargo_attribution_summarys_0B5_
FN:1153,_RNCNvNtCsaY2CvWUtqiY_13weaveback_api8coverage34build_location_attribution_summary0B5_
FN:1160,_RNCNvNtCsaY2CvWUtqiY_13weaveback_api8coverage34build_location_attribution_summarys0_0B5_
FN:1166,_RNCNvNtCsaY2CvWUtqiY_13weaveback_api8coverage34build_location_attribution_summarys1_0B5_
FN:1171,_RNCNvNtCsaY2CvWUtqiY_13weaveback_api8coverage34build_location_attribution_summarys2_0B5_
FN:1172,_RNCNvNtCsaY2CvWUtqiY_13weaveback_api8coverage34build_location_attribution_summarys3_0B5_
FN:1196,_RNCNvNtCsaY2CvWUtqiY_13weaveback_api8coverage34build_location_attribution_summarys4_0B5_
FN:1202,_RNCNvNtCsaY2CvWUtqiY_13weaveback_api8coverage34build_location_attribution_summarys5_0B5_
FN:1214,_RNCNvNtCsaY2CvWUtqiY_13weaveback_api8coverage34build_location_attribution_summarys6_0B5_
FN:1217,_RNCNvNtCsaY2CvWUtqiY_13weaveback_api8coverage34build_location_attribution_summarys7_0B5_
FN:1159,_RNCNvNtCsaY2CvWUtqiY_13weaveback_api8coverage34build_location_attribution_summarys_0B5_
FN:102,_RNCNvNvNtCsaY2CvWUtqiY_13weaveback_api8coverage24scan_generated_locations26normalize_scanned_location0B7_
FN:1505,_RNvNtCsaY2CvWUtqiY_13weaveback_api8coverage10run_impact
FN:1517,_RNvNtCsaY2CvWUtqiY_13weaveback_api8coverage10run_search
FN:873,_RNvNtCsaY2CvWUtqiY_13weaveback_api8coverage12run_coverage
FN:150,_RNvNtCsaY2CvWUtqiY_13weaveback_api8coverage13run_attribute
FN:225,_RNvNtCsaY2CvWUtqiY_13weaveback_api8coverage18parse_lcov_records
FN:1358,_RNvNtCsaY2CvWUtqiY_13weaveback_api8coverage19run_cargo_annotated
FN:257,_RNvNtCsaY2CvWUtqiY_13weaveback_api8coverage22build_coverage_summary
FN:655,_RNvNtCsaY2CvWUtqiY_13weaveback_api8coverage23compute_unmapped_ranges
FN:59,_RNvNtCsaY2CvWUtqiY_13weaveback_api8coverage24parse_generated_location
FN:99,_RNvNtCsaY2CvWUtqiY_13weaveback_api8coverage24scan_generated_locations
FN:994,_RNvNtCsaY2CvWUtqiY_13weaveback_api8coverage24trace_generated_location
FN:1296,_RNvNtCsaY2CvWUtqiY_13weaveback_api8coverage25collect_text_attributions
FN:917,_RNvNtCsaY2CvWUtqiY_13weaveback_api8coverage26collect_cargo_attributions
FN:820,_RNvNtCsaY2CvWUtqiY_13weaveback_api8coverage27build_coverage_summary_view
FN:1019,_RNvNtCsaY2CvWUtqiY_13weaveback_api8coverage31build_cargo_attribution_summary
FN:952,_RNvNtCsaY2CvWUtqiY_13weaveback_api8coverage31collect_cargo_span_attributions
FN:1132,_RNvNtCsaY2CvWUtqiY_13weaveback_api8coverage34build_location_attribution_summary
FN:618,_RNvNtCsaY2CvWUtqiY_13weaveback_api8coverage37find_noweb_entries_for_generated_file
FN:49,_RNvNtCsaY2CvWUtqiY_13weaveback_api8coverage7open_db
FN:1565,_RNvNtCsaY2CvWUtqiY_13weaveback_api8coverage8run_tags
FN:1511,_RNvNtCsaY2CvWUtqiY_13weaveback_api8coverage9run_graph
FN:1583,_RNvNtCsaY2CvWUtqiY_13weaveback_api8coverage9run_trace
FN:128,_RNvNtCsaY2CvWUtqiY_13weaveback_api8coverage9run_where
FN:100,_RNvNvNtCsaY2CvWUtqiY_13weaveback_api8coverage24scan_generated_locations26normalize_scanned_location
FN:24,_RNvXNtCsaY2CvWUtqiY_13weaveback_api8coverageNtB2_13CoverageErrorINtNtCs9yMf5VoQcqS_4core7convert4FromNtNtCs15Atq6sPk6z_16weaveback_tangle2db7DbErrorE4from
FN:42,_RNvXs0_NtCsaY2CvWUtqiY_13weaveback_api8coverageNtB5_13CoverageErrorINtNtCs9yMf5VoQcqS_4core7convert4FromNtNtB7_5query8ApiErrorE4from
FN:30,_RNvXs_NtCsaY2CvWUtqiY_13weaveback_api8coverageNtB4_13CoverageErrorINtNtCs9yMf5VoQcqS_4core7convert4FromNtNtB6_6lookup11LookupErrorE4from
FN:1530,_RNCNvNtCs9svORWNbXMv_13weaveback_api8coverage10run_search0B5_
FN:1517,_RNvNtCs9svORWNbXMv_13weaveback_api8coverage10run_search
FN:1358,_RNvNtCs9svORWNbXMv_13weaveback_api8coverage19run_cargo_annotated
FN:1505,_RNvNtCs9svORWNbXMv_13weaveback_api8coverage10run_impact
FN:873,_RNvNtCs9svORWNbXMv_13weaveback_api8coverage12run_coverage
FN:150,_RNvNtCs9svORWNbXMv_13weaveback_api8coverage13run_attribute
FN:225,_RNvNtCs9svORWNbXMv_13weaveback_api8coverage18parse_lcov_records
FN:257,_RNvNtCs9svORWNbXMv_13weaveback_api8coverage22build_coverage_summary
FN:655,_RNvNtCs9svORWNbXMv_13weaveback_api8coverage23compute_unmapped_ranges
FN:59,_RNvNtCs9svORWNbXMv_13weaveback_api8coverage24parse_generated_location
FN:99,_RNvNtCs9svORWNbXMv_13weaveback_api8coverage24scan_generated_locations
FN:994,_RNvNtCs9svORWNbXMv_13weaveback_api8coverage24trace_generated_location
FN:1296,_RNvNtCs9svORWNbXMv_13weaveback_api8coverage25collect_text_attributions
FN:917,_RNvNtCs9svORWNbXMv_13weaveback_api8coverage26collect_cargo_attributions
FN:820,_RNvNtCs9svORWNbXMv_13weaveback_api8coverage27build_coverage_summary_view
FN:1019,_RNvNtCs9svORWNbXMv_13weaveback_api8coverage31build_cargo_attribution_summary
FN:952,_RNvNtCs9svORWNbXMv_13weaveback_api8coverage31collect_cargo_span_attributions
FN:1132,_RNvNtCs9svORWNbXMv_13weaveback_api8coverage34build_location_attribution_summary
FN:618,_RNvNtCs9svORWNbXMv_13weaveback_api8coverage37find_noweb_entries_for_generated_file
FN:49,_RNvNtCs9svORWNbXMv_13weaveback_api8coverage7open_db
FN:1565,_RNvNtCs9svORWNbXMv_13weaveback_api8coverage8run_tags
FN:1511,_RNvNtCs9svORWNbXMv_13weaveback_api8coverage9run_graph
FN:1583,_RNvNtCs9svORWNbXMv_13weaveback_api8coverage9run_trace
FN:128,_RNvNtCs9svORWNbXMv_13weaveback_api8coverage9run_where
FN:100,_RNvNvNtCs9svORWNbXMv_13weaveback_api8coverage24scan_generated_locations26normalize_scanned_location
FN:24,_RNvXNtCs9svORWNbXMv_13weaveback_api8coverageNtB2_16CoverageApiErrorINtNtCs9yMf5VoQcqS_4core7convert4FromNtNtCsUfOgH5zVts_16weaveback_tangle2db7DbErrorE4from
FN:42,_RNvXs0_NtCs9svORWNbXMv_13weaveback_api8coverageNtB5_16CoverageApiErrorINtNtCs9yMf5VoQcqS_4core7convert4FromNtNtB7_5query8ApiErrorE4from
FN:30,_RNvXs_NtCs9svORWNbXMv_13weaveback_api8coverageNtB4_16CoverageApiErrorINtNtCs9yMf5VoQcqS_4core7convert4FromNtNtB6_6lookup11LookupErrorE4from
FN:3055,_RNvNtNtCs9svORWNbXMv_13weaveback_api8coverage14tests_coverage13ws_write_file
FN:2945,_RNvNtNtCs9svORWNbXMv_13weaveback_api8coverage14tests_coverages_22test_run_tags_empty_db
FN:2962,_RNvNtNtCs9svORWNbXMv_13weaveback_api8coverage14tests_coverages_25test_run_graph_missing_db
FN:2955,_RNvNtNtCs9svORWNbXMv_13weaveback_api8coverage14tests_coverages_26test_run_impact_missing_db
FN:2719,_RNvNtNtCs9svORWNbXMv_13weaveback_api8coverage14tests_coverages_28parse_lcov_records_malformed
FN:2451,_RNvNtNtCs9svORWNbXMv_13weaveback_api8coverage14tests_coverages_28test_compute_unmapped_ranges
FN:3021,_RNvNtNtCs9svORWNbXMv_13weaveback_api8coverage14tests_coverages_28test_run_where_orchestration
FN:2441,_RNvNtNtCs9svORWNbXMv_13weaveback_api8coverage14tests_coverages_30test_parse_lcov_records_simple
FN:2969,_RNvNtNtCs9svORWNbXMv_13weaveback_api8coverage14tests_coverages_30test_run_coverage_summary_only
FN:2989,_RNvNtNtCs9svORWNbXMv_13weaveback_api8coverage14tests_coverages_31test_coverage_error_conversions
[...]
FNDA:0,_RNvNtCsaY2CvWUtqiY_13weaveback_api3tag20build_gemini_request
FNDA:0,_RNvNtCsaY2CvWUtqiY_13weaveback_api3tag20build_openai_request
FNDA:0,_RNvNtCsaY2CvWUtqiY_13weaveback_api3tag21parse_gemini_response
FNDA:0,_RNvNtCsaY2CvWUtqiY_13weaveback_api3tag21parse_openai_response
FNDA:0,_RNvNtCsaY2CvWUtqiY_13weaveback_api3tag24parse_anthropic_response
FNDA:0,_RNvNtCsaY2CvWUtqiY_13weaveback_api3tag8call_llm
FNDA:1,_RNvNtCs9svORWNbXMv_13weaveback_api3tag11call_gemini
FNDA:2,_RNvNtCs9svORWNbXMv_13weaveback_api3tag12build_prompt
FNDA:5,_RNvNtCs9svORWNbXMv_13weaveback_api3tag12run_auto_tag
FNDA:0,_RNvNtCs9svORWNbXMv_13weaveback_api3tag14call_anthropic
FNDA:5,_RNvNtCs9svORWNbXMv_13weaveback_api3tag14parse_response
FNDA:3,_RNvNtCs9svORWNbXMv_13weaveback_api3tag16block_first_line
FNDA:4,_RNvNtCs9svORWNbXMv_13weaveback_api3tag18call_openai_compat
FNDA:1,_RNvNtCs9svORWNbXMv_13weaveback_api3tag20build_anthropic_body
FNDA:2,_RNvNtCs9svORWNbXMv_13weaveback_api3tag20build_gemini_request
FNDA:5,_RNvNtCs9svORWNbXMv_13weaveback_api3tag20build_openai_request
FNDA:2,_RNvNtCs9svORWNbXMv_13weaveback_api3tag21parse_gemini_response
FNDA:2,_RNvNtCs9svORWNbXMv_13weaveback_api3tag21parse_openai_response
FNDA:2,_RNvNtCs9svORWNbXMv_13weaveback_api3tag24parse_anthropic_response
FNDA:6,_RNvNtCs9svORWNbXMv_13weaveback_api3tag8call_llm
FNDA:67,_RNCNCNCNvNtCs9svORWNbXMv_13weaveback_api3tag14parse_response0s_00B9_
FNDA:11,_RNCNCNvNtCs9svORWNbXMv_13weaveback_api3tag14parse_response00B7_
FNDA:10,_RNCNCNvNtCs9svORWNbXMv_13weaveback_api3tag14parse_response0s0_0B7_
FNDA:10,_RNCNCNvNtCs9svORWNbXMv_13weaveback_api3tag14parse_response0s_0B7_
FNDA:1,_RNCNvNtCs9svORWNbXMv_13weaveback_api3tag11call_gemini0B5_
FNDA:0,_RNCNvNtCs9svORWNbXMv_13weaveback_api3tag11call_geminis_0B5_
FNDA:1,_RNCNvNtCs9svORWNbXMv_13weaveback_api3tag12run_auto_tag0B5_
FNDA:1,_RNCNvNtCs9svORWNbXMv_13weaveback_api3tag12run_auto_tags_0B5_
FNDA:0,_RNCNvNtCs9svORWNbXMv_13weaveback_api3tag14call_anthropic0B5_
FNDA:0,_RNCNvNtCs9svORWNbXMv_13weaveback_api3tag14call_anthropics_0B5_
FNDA:9,_RNCNvNtCs9svORWNbXMv_13weaveback_api3tag14parse_response0B5_
FNDA:4,_RNCNvNtCs9svORWNbXMv_13weaveback_api3tag18call_openai_compat0B5_
FNDA:0,_RNCNvNtCs9svORWNbXMv_13weaveback_api3tag18call_openai_compats_0B5_
FNDA:1,_RNCNvNtCs9svORWNbXMv_13weaveback_api3tag21parse_gemini_response0B5_
FNDA:1,_RNCNvNtCs9svORWNbXMv_13weaveback_api3tag21parse_openai_response0B5_
FNDA:1,_RNCNvNtCs9svORWNbXMv_13weaveback_api3tag24parse_anthropic_response0B5_
FNDA:1,_RNCNvNtCs9svORWNbXMv_13weaveback_api3tag8call_llm0B5_
FNDA:0,_RNCNvNtCs9svORWNbXMv_13weaveback_api3tag8call_llms_0B5_
FNDA:5,_RNvNtNtCs9svORWNbXMv_13weaveback_api3tag5tests7make_db
FNDA:1,_RNvNtNtCs9svORWNbXMv_13weaveback_api3tag5testss_25test_parse_response_basic
FNDA:1,_RNvNtNtCs9svORWNbXMv_13weaveback_api3tag5testss_34test_block_first_line_out_of_range
FNDA:1,_RNvNtNtCs9svORWNbXMv_13weaveback_api3tag5testss_35parse_gemini_response_extracts_text
FNDA:1,_RNvNtNtCs9svORWNbXMv_13weaveback_api3tag5testss_38build_openai_request_forms_correct_url
FNDA:1,_RNvNtNtCs9svORWNbXMv_13weaveback_api3tag5testss_38parse_anthropic_response_extracts_text
FNDA:1,_RNvNtNtCs9svORWNbXMv_13weaveback_api3tag5testss_38parse_openai_response_extracts_content
FNDA:1,_RNvNtNtCs9svORWNbXMv_13weaveback_api3tag5testss_38test_run_auto_tag_skips_when_no_blocks
FNDA:1,_RNvNtNtCs9svORWNbXMv_13weaveback_api3tag5testss_39test_parse_response_empty_colon_skipped
FNDA:1,_RNvNtNtCs9svORWNbXMv_13weaveback_api3tag5testss_39test_parse_response_skips_invalid_lines
FNDA:1,_RNvNtNtCs9svORWNbXMv_13weaveback_api3tag5testss_40test_block_first_line_returns_first_line
FNDA:1,_RNvNtNtCs9svORWNbXMv_13weaveback_api3tag5testss_41test_parse_response_sanitises_punctuation
FNDA:1,_RNvNtNtCs9svORWNbXMv_13weaveback_api3tag5testss_42build_gemini_request_embeds_api_key_in_url
FNDA:1,_RNvNtNtCs9svORWNbXMv_13weaveback_api3tag5testss_43test_run_auto_tag_normalises_snapshot_paths
FNDA:1,_RNvNtNtCs9svORWNbXMv_13weaveback_api3tag5testss_44parse_anthropic_response_errors_on_bad_shape
FNDA:1,_RNvNtNtCs9svORWNbXMv_13weaveback_api3tag5testss_44test_build_prompt_contains_index_and_content
FNDA:1,_RNvNtNtCs9svORWNbXMv_13weaveback_api3tag5testss_44test_call_llm_dispatches_gemini_with_env_key
FNDA:1,_RNvNtNtCs9svORWNbXMv_13weaveback_api3tag5testss_44test_call_llm_dispatches_openai_with_env_key
FNDA:1,_RNvNtNtCs9svORWNbXMv_13weaveback_api3tag5testss_44test_run_auto_tag_skips_unreachable_endpoint
FNDA:1,_RNvNtNtCs9svORWNbXMv_13weaveback_api3tag5testss_45test_run_auto_tag_skips_file_without_snapshot
FNDA:1,_RNvNtNtCs9svORWNbXMv_13weaveback_api3tag5testss_47build_anthropic_body_contains_model_and_message
FNDA:1,_RNvNtNtCs9svORWNbXMv_13weaveback_api3tag5testss_47test_call_llm_errors_when_anthropic_key_missing
FNDA:1,_RNvNtNtCs9svORWNbXMv_13weaveback_api3tag5testss_48test_call_llm_dispatches_ollama_to_openai_compat
FNDA:1,_RNvNtNtCs9svORWNbXMv_13weaveback_api3tag5testss_48test_call_llm_unknown_backend_defaults_to_openai
FNDA:1,_RNvNtNtCs9svORWNbXMv_13weaveback_api3tag5testss_48test_parse_response_all_punctuation_tags_skipped
FNDA:1,_RNvNtNtCs9svORWNbXMv_13weaveback_api3tag5testss_48test_run_auto_tag_processes_blocks_with_snapshot
FNDA:1,_RNvNtNtCs9svORWNbXMv_13weaveback_api3tag5testss_50test_parse_openai_response_errors_on_empty_choices
FNDA:1,_RNvNtNtCs9svORWNbXMv_13weaveback_api3tag5testss_53test_parse_gemini_response_errors_on_empty_candidates
FNF:60
FNH:54
DA:23,1
DA:24,1
DA:25,1
DA:26,1
DA:27,1
DA:29,1
DA:31,2
DA:32,2
DA:33,2
DA:34,2
DA:35,2
DA:36,2
DA:38,0
DA:39,0
DA:40,0
DA:41,0
DA:42,0
DA:43,0
DA:44,0
DA:45,0
DA:46,0
DA:47,0
DA:48,0
DA:49,0
DA:50,0
DA:54,2
DA:55,2
DA:59,2
DA:60,2
DA:61,2
DA:63,2
DA:64,2
DA:66,2
DA:67,2
DA:68,2
DA:69,2
DA:70,2
DA:71,2
DA:73,1
DA:74,1
DA:75,1
DA:76,1
DA:77,1
DA:78,1
DA:79,1
DA:80,1
DA:81,0
DA:82,0
DA:83,1
DA:87,5
DA:88,5
DA:89,5
DA:90,5
DA:91,5
DA:92,5
DA:94,5
DA:95,5
DA:97,2
DA:98,2
DA:99,2
DA:100,2
DA:101,2
DA:102,2
DA:104,4
DA:105,4
DA:106,4
DA:107,4
DA:108,4
DA:109,4
DA:110,4
DA:111,4
DA:112,4
DA:113,4
DA:114,4
DA:115,4
DA:116,2
DA:117,2
DA:118,4
DA:119,0
DA:120,0
DA:121,4
DA:123,6
DA:124,6
DA:125,6
DA:126,1
DA:127,1
DA:128,0
DA:130,5
DA:131,1
DA:132,1
DA:133,1
DA:135,4
DA:136,2
DA:137,2
DA:141,2
DA:142,2
DA:143,2
DA:146,6
DA:147,2
DA:149,2
DA:155,2
DA:156,2
DA:157,2
DA:158,2
DA:159,2
DA:160,2
DA:162,5
DA:163,5
DA:164,5
DA:165,9
DA:166,9
DA:167,9
DA:168,8
DA:169,8
DA:170,8
DA:171,11
DA:172,8
DA:173,8
DA:174,1
DA:175,7
DA:177,7
DA:178,7
DA:179,10
DA:180,10
DA:181,10
DA:182,67
DA:183,10
DA:184,10
DA:185,10
DA:186,7
DA:187,7
DA:188,7
DA:189,9
DA:190,5
DA:191,5
DA:195,3
DA:196,3
DA:197,3
DA:198,3
DA:199,3
DA:200,3
DA:201,3
DA:202,3
DA:203,3
DA:204,3
DA:205,3
DA:208,5
DA:209,5
DA:210,5
DA:211,0
DA:213,5
DA:216,2
DA:217,2
DA:218,2
DA:219,2
DA:220,2
DA:222,2
DA:223,2
DA:225,2
DA:227,2
DA:228,1
DA:229,1
DA:230,0
DA:234,1
DA:235,1
DA:236,0
DA:237,1
DA:242,1
DA:244,1
DA:245,1
DA:246,1
DA:247,1
DA:248,1
DA:249,1
DA:250,1
DA:251,1
DA:253,1
DA:254,1
DA:255,1
DA:256,1
DA:258,1
DA:259,0
DA:260,1
DA:261,1
DA:262,1
DA:267,0
DA:268,0
DA:269,0
DA:270,0
DA:271,0
DA:272,0
DA:273,0
DA:274,0
DA:275,0
DA:276,0
DA:277,0
DA:278,0
DA:279,0
DA:280,0
DA:285,2
DA:286,0
DA:287,2
DA:288,5
DA:295,5
DA:296,5
DA:297,5
DA:298,5
DA:299,5
DA:300,5
DA:305,1
DA:306,1
DA:307,1
DA:308,1
DA:309,1
DA:310,1
DA:313,1
DA:314,1
DA:315,1
DA:317,1
DA:318,1
DA:321,1
DA:322,1
DA:323,1
DA:324,1
DA:327,1
DA:328,1
DA:329,1
DA:330,1
DA:331,1
DA:332,1
DA:335,1
DA:336,1
DA:337,1
DA:339,1
DA:340,1
DA:343,1
DA:344,1
DA:345,1
DA:346,1
DA:347,1
DA:350,1
DA:351,1
DA:352,1
DA:354,1
DA:355,1
DA:360,1
DA:361,1
DA:362,1
DA:363,1
DA:364,1
DA:365,1
DA:368,1
DA:369,1
DA:370,1
DA:371,1
DA:372,1
DA:373,1
DA:374,1
DA:377,1
DA:378,1
DA:379,1
DA:381,1
DA:382,1
DA:385,1
DA:386,1
DA:387,1
DA:388,1
DA:389,1
DA:390,1
DA:393,1
DA:394,1
DA:395,1
DA:396,1
DA:399,1
DA:400,1
DA:401,1
DA:402,1
DA:407,1
DA:408,1
DA:409,1
DA:410,1
DA:411,1
DA:412,1
DA:413,1
DA:414,1
DA:416,1
DA:417,1
DA:418,1
DA:421,1
DA:422,1
DA:423,1
DA:424,1
DA:425,1
DA:426,1
DA:427,1
DA:428,1
DA:429,1
DA:430,1
DA:431,1
DA:434,1
DA:436,1
DA:437,1
DA:438,1
DA:439,1
DA:442,1
DA:444,1
DA:445,1
DA:446,1
DA:447,1
DA:450,1
DA:454,1
DA:455,1
DA:456,1
DA:457,1
DA:458,1
DA:459,1
DA:460,1
DA:461,1
DA:462,1
DA:463,1
DA:464,1
DA:466,1
DA:467,1
DA:468,1
DA:471,1
DA:472,1
DA:473,1
DA:475,1
DA:477,1
DA:478,1
DA:479,1
DA:480,1
DA:481,1
DA:482,1
DA:483,1
DA:484,1
DA:486,1
DA:487,1
DA:488,1
DA:489,1
DA:490,1
DA:491,1
DA:494,1
DA:495,1
DA:498,1
DA:499,1
DA:500,1
DA:501,1
DA:502,1
DA:503,1
DA:504,1
DA:506,1
DA:507,1
DA:508,1
DA:511,1
DA:512,1
DA:513,1
DA:514,1
DA:515,1
DA:516,1
DA:517,1
DA:518,1
DA:519,1
DA:520,1
DA:521,1
DA:522,1
DA:525,1
DA:526,1
DA:527,1
DA:528,1
DA:529,1
DA:530,1
DA:531,1
DA:532,1
DA:533,1
DA:534,1
DA:535,1
DA:536,1
DA:539,1
DA:540,1
DA:541,1
DA:542,1
DA:543,1
DA:544,1
DA:545,1
DA:546,1
DA:547,1
DA:548,1
DA:549,1
DA:552,1
DA:555,1
DA:556,1
DA:557,1
DA:558,1
DA:559,1
DA:560,1
DA:561,1
DA:562,1
DA:563,1
DA:564,1
DA:565,1
DA:566,1
DA:567,1
DA:570,1
DA:571,1
DA:572,1
DA:573,1
DA:574,1
DA:575,1
DA:576,1
DA:578,1
DA:579,1
DA:580,1
DA:583,1
DA:584,1
DA:585,1
DA:586,1
DA:589,1
DA:590,1
DA:591,1
DA:592,1
BRF:0
BRH:0
LF:439
LH:397
end_of_record
SF:/home/g4/_prj/weaveback/crates/weaveback-api/src/tangle.rs
FN:63,_RNvNtCsaY2CvWUtqiY_13weaveback_api6tangle14build_pass_cmd
FN:103,_RNvNtCsaY2CvWUtqiY_13weaveback_api6tangle14run_tangle_all
FN:35,_RNvNtCsaY2CvWUtqiY_13weaveback_api6tangle18default_tags_model
FN:34,_RNvNtCsaY2CvWUtqiY_13weaveback_api6tangle20default_tags_backend
FN:36,_RNvNtCsaY2CvWUtqiY_13weaveback_api6tangle23default_tags_batch_size
FN:108,_RNCNvNtCsaY2CvWUtqiY_13weaveback_api6tangle14run_tangle_all0B5_
FN:111,_RNCNvNtCsaY2CvWUtqiY_13weaveback_api6tangle14run_tangle_alls_0B5_
FN:188,_RNCNvNtNtCs9svORWNbXMv_13weaveback_api6tangle5testss_31build_pass_cmd_sets_dir_and_gen0B7_
FN:292,_RNCNvNtNtCs9svORWNbXMv_13weaveback_api6tangle5testss_33build_pass_cmd_includes_chunk_end0B7_
FN:293,_RNCNvNtNtCs9svORWNbXMv_13weaveback_api6tangle5testss_33build_pass_cmd_includes_chunk_ends_0B7_
FN:274,_RNCNvNtNtCs9svORWNbXMv_13weaveback_api6tangle5testss_39build_pass_cmd_includes_comment_markers0B7_
FN:275,_RNCNvNtNtCs9svORWNbXMv_13weaveback_api6tangle5testss_39build_pass_cmd_includes_comment_markerss_0B7_
FN:310,_RNCNvNtNtCs9svORWNbXMv_13weaveback_api6tangle5testss_39build_pass_cmd_includes_multiple_sigils0B7_
FN:313,_RNCNvNtNtCs9svORWNbXMv_13weaveback_api6tangle5testss_39build_pass_cmd_includes_multiple_sigilss0_0B7_
FN:312,_RNCNvNtNtCs9svORWNbXMv_13weaveback_api6tangle5testss_39build_pass_cmd_includes_multiple_sigilss_0B7_
FN:333,_RNCNvNtNtCs9svORWNbXMv_13weaveback_api6tangle5testss_39build_pass_cmd_uses_output_dir_when_set0B7_
FN:336,_RNCNvNtNtCs9svORWNbXMv_13weaveback_api6tangle5testss_39build_pass_cmd_uses_output_dir_when_sets0_0B7_
FN:335,_RNCNvNtNtCs9svORWNbXMv_13weaveback_api6tangle5testss_39build_pass_cmd_uses_output_dir_when_sets_0B7_
FN:216,_RNCNvNtNtCs9svORWNbXMv_13weaveback_api6tangle5testss_40build_pass_cmd_adds_force_generated_flag0B7_
FN:347,_RNvNtNtCs9svORWNbXMv_13weaveback_api6tangle5testss_30tangle_cfg_parses_tags_section
FN:168,_RNvNtNtCs9svORWNbXMv_13weaveback_api6tangle5testss_31build_pass_cmd_sets_dir_and_gen
FN:224,_RNvNtNtCs9svORWNbXMv_13weaveback_api6tangle5testss_31tangle_cfg_roundtrips_from_toml
FN:340,_RNvNtNtCs9svORWNbXMv_13weaveback_api6tangle5testss_32default_tags_values_are_sensible
FN:279,_RNvNtNtCs9svORWNbXMv_13weaveback_api6tangle5testss_33build_pass_cmd_includes_chunk_end
FN:252,_RNvNtNtCs9svORWNbXMv_13weaveback_api6tangle5testss_33run_tangle_all_errors_on_bad_toml
FN:445,_RNvNtNtCs9svORWNbXMv_13weaveback_api6tangle5testss_33test_tangle_cfg_parses_embeddings
FN:423,_RNvNtNtCs9svORWNbXMv_13weaveback_api6tangle5testss_38test_run_tangle_all_db_open_error_path
FN:261,_RNvNtNtCs9svORWNbXMv_13weaveback_api6tangle5testss_39build_pass_cmd_includes_comment_markers
FN:297,_RNvNtNtCs9svORWNbXMv_13weaveback_api6tangle5testss_39build_pass_cmd_includes_multiple_sigils
FN:320,_RNvNtNtCs9svORWNbXMv_13weaveback_api6tangle5testss_39build_pass_cmd_uses_output_dir_when_set
FN:244,_RNvNtNtCs9svORWNbXMv_13weaveback_api6tangle5testss_39run_tangle_all_errors_on_missing_config
FN:461,_RNvNtNtCs9svORWNbXMv_13weaveback_api6tangle5testss_39test_run_tangle_all_fails_if_pass_fails
FN:197,_RNvNtNtCs9svORWNbXMv_13weaveback_api6tangle5testss_40build_pass_cmd_adds_force_generated_flag
FN:365,_RNvNtNtCs9svORWNbXMv_13weaveback_api6tangle5testss_41tangle_cfg_tags_uses_defaults_when_absent
FN:375,_RNvNtNtCs9svORWNbXMv_13weaveback_api6tangle5testss_43test_run_tangle_all_with_db_post_processing
FN:63,_RNvNtCs9svORWNbXMv_13weaveback_api6tangle14build_pass_cmd
FN:103,_RNvNtCs9svORWNbXMv_13weaveback_api6tangle14run_tangle_all
FN:35,_RNvNtCs9svORWNbXMv_13weaveback_api6tangle18default_tags_model
FN:34,_RNvNtCs9svORWNbXMv_13weaveback_api6tangle20default_tags_backend
FN:36,_RNvNtCs9svORWNbXMv_13weaveback_api6tangle23default_tags_batch_size
FN:108,_RNCNvNtCs9svORWNbXMv_13weaveback_api6tangle14run_tangle_all0B5_
FN:111,_RNCNvNtCs9svORWNbXMv_13weaveback_api6tangle14run_tangle_alls_0B5_
FNDA:0,_RNvNtCsaY2CvWUtqiY_13weaveback_api6tangle14build_pass_cmd
FNDA:0,_RNvNtCsaY2CvWUtqiY_13weaveback_api6tangle14run_tangle_all
FNDA:0,_RNvNtCsaY2CvWUtqiY_13weaveback_api6tangle18default_tags_model
FNDA:0,_RNvNtCsaY2CvWUtqiY_13weaveback_api6tangle20default_tags_backend
FNDA:0,_RNvNtCsaY2CvWUtqiY_13weaveback_api6tangle23default_tags_batch_size
FNDA:0,_RNCNvNtCsaY2CvWUtqiY_13weaveback_api6tangle14run_tangle_all0B5_
FNDA:0,_RNCNvNtCsaY2CvWUtqiY_13weaveback_api6tangle14run_tangle_alls_0B5_
FNDA:7,_RNCNvNtNtCs9svORWNbXMv_13weaveback_api6tangle5testss_31build_pass_cmd_sets_dir_and_gen0B7_
FNDA:7,_RNCNvNtNtCs9svORWNbXMv_13weaveback_api6tangle5testss_33build_pass_cmd_includes_chunk_end0B7_
FNDA:5,_RNCNvNtNtCs9svORWNbXMv_13weaveback_api6tangle5testss_33build_pass_cmd_includes_chunk_ends_0B7_
FNDA:7,_RNCNvNtNtCs9svORWNbXMv_13weaveback_api6tangle5testss_39build_pass_cmd_includes_comment_markers0B7_
FNDA:5,_RNCNvNtNtCs9svORWNbXMv_13weaveback_api6tangle5testss_39build_pass_cmd_includes_comment_markerss_0B7_
FNDA:9,_RNCNvNtNtCs9svORWNbXMv_13weaveback_api6tangle5testss_39build_pass_cmd_includes_multiple_sigils0B7_
FNDA:2,_RNCNvNtNtCs9svORWNbXMv_13weaveback_api6tangle5testss_39build_pass_cmd_includes_multiple_sigilss0_0B7_
FNDA:8,_RNCNvNtNtCs9svORWNbXMv_13weaveback_api6tangle5testss_39build_pass_cmd_includes_multiple_sigilss_0B7_
FNDA:5,_RNCNvNtNtCs9svORWNbXMv_13weaveback_api6tangle5testss_39build_pass_cmd_uses_output_dir_when_set0B7_
FNDA:4,_RNCNvNtNtCs9svORWNbXMv_13weaveback_api6tangle5testss_39build_pass_cmd_uses_output_dir_when_sets0_0B7_
FNDA:3,_RNCNvNtNtCs9svORWNbXMv_13weaveback_api6tangle5testss_39build_pass_cmd_uses_output_dir_when_sets_0B7_
FNDA:11,_RNCNvNtNtCs9svORWNbXMv_13weaveback_api6tangle5testss_40build_pass_cmd_adds_force_generated_flag0B7_
FNDA:1,_RNvNtNtCs9svORWNbXMv_13weaveback_api6tangle5testss_30tangle_cfg_parses_tags_section
FNDA:1,_RNvNtNtCs9svORWNbXMv_13weaveback_api6tangle5testss_31build_pass_cmd_sets_dir_and_gen
FNDA:1,_RNvNtNtCs9svORWNbXMv_13weaveback_api6tangle5testss_31tangle_cfg_roundtrips_from_toml
FNDA:1,_RNvNtNtCs9svORWNbXMv_13weaveback_api6tangle5testss_32default_tags_values_are_sensible
FNDA:1,_RNvNtNtCs9svORWNbXMv_13weaveback_api6tangle5testss_33build_pass_cmd_includes_chunk_end
FNDA:1,_RNvNtNtCs9svORWNbXMv_13weaveback_api6tangle5testss_33run_tangle_all_errors_on_bad_toml
FNDA:1,_RNvNtNtCs9svORWNbXMv_13weaveback_api6tangle5testss_33test_tangle_cfg_parses_embeddings
FNDA:1,_RNvNtNtCs9svORWNbXMv_13weaveback_api6tangle5testss_38test_run_tangle_all_db_open_error_path
FNDA:1,_RNvNtNtCs9svORWNbXMv_13weaveback_api6tangle5testss_39build_pass_cmd_includes_comment_markers
FNDA:1,_RNvNtNtCs9svORWNbXMv_13weaveback_api6tangle5testss_39build_pass_cmd_includes_multiple_sigils
FNDA:1,_RNvNtNtCs9svORWNbXMv_13weaveback_api6tangle5testss_39build_pass_cmd_uses_output_dir_when_set
FNDA:1,_RNvNtNtCs9svORWNbXMv_13weaveback_api6tangle5testss_39run_tangle_all_errors_on_missing_config
FNDA:1,_RNvNtNtCs9svORWNbXMv_13weaveback_api6tangle5testss_39test_run_tangle_all_fails_if_pass_fails
FNDA:1,_RNvNtNtCs9svORWNbXMv_13weaveback_api6tangle5testss_40build_pass_cmd_adds_force_generated_flag
FNDA:1,_RNvNtNtCs9svORWNbXMv_13weaveback_api6tangle5testss_41tangle_cfg_tags_uses_defaults_when_absent
FNDA:1,_RNvNtNtCs9svORWNbXMv_13weaveback_api6tangle5testss_43test_run_tangle_all_with_db_post_processing
FNDA:7,_RNvNtCs9svORWNbXMv_13weaveback_api6tangle14build_pass_cmd
FNDA:5,_RNvNtCs9svORWNbXMv_13weaveback_api6tangle14run_tangle_all
FNDA:3,_RNvNtCs9svORWNbXMv_13weaveback_api6tangle18default_tags_model
FNDA:3,_RNvNtCs9svORWNbXMv_13weaveback_api6tangle20default_tags_backend
FNDA:4,_RNvNtCs9svORWNbXMv_13weaveback_api6tangle23default_tags_batch_size
FNDA:1,_RNCNvNtCs9svORWNbXMv_13weaveback_api6tangle14run_tangle_all0B5_
FNDA:3,_RNCNvNtCs9svORWNbXMv_13weaveback_api6tangle14run_tangle_alls_0B5_
FNF:35
FNH:35
DA:34,3
DA:35,3
DA:36,4
DA:63,7
DA:64,7
DA:65,7
DA:66,7
DA:67,7
DA:68,7
DA:69,7
DA:70,7
DA:71,7
DA:72,7
DA:73,1
DA:74,6
DA:75,7
DA:76,1
DA:77,6
DA:78,7
DA:79,1
DA:80,6
DA:81,7
DA:82,1
DA:83,6
DA:84,7
DA:85,1
DA:86,6
DA:87,7
DA:88,1
DA:89,6
DA:90,7
DA:91,1
DA:92,6
DA:93,7
DA:94,2
DA:95,2
DA:96,7
DA:97,7
DA:98,7
DA:103,5
DA:104,5
DA:105,5
DA:106,5
DA:107,5
DA:108,5
DA:109,1
DA:110,4
DA:111,4
DA:112,3
DA:114,1
DA:115,1
DA:117,1
DA:118,1
DA:119,1
DA:120,0
DA:121,0
DA:123,1
DA:124,1
DA:125,1
DA:126,1
DA:127,1
DA:129,0
DA:133,0
DA:134,0
DA:135,0
DA:136,0
DA:137,0
DA:138,0
DA:139,0
DA:140,0
DA:141,0
DA:142,0
DA:143,0
DA:144,0
DA:145,0
DA:146,0
DA:147,0
DA:148,0
DA:149,0
DA:150,0
DA:151,0
DA:152,0
DA:153,0
DA:154,0
DA:155,0
DA:157,0
DA:159,0
DA:160,0
DA:161,5
DA:168,1
DA:169,1
DA:170,1
DA:171,1
DA:172,1
DA:173,1
DA:174,1
DA:175,1
DA:176,1
DA:177,1
DA:178,1
DA:179,1
DA:180,1
DA:181,1
DA:182,1
DA:183,1
DA:186,1
DA:188,7
DA:189,1
DA:190,1
DA:191,1
DA:192,1
DA:193,1
DA:194,1
DA:197,1
DA:198,1
DA:199,1
DA:200,1
DA:201,1
DA:202,1
DA:203,1
DA:204,1
DA:205,1
DA:206,1
DA:207,1
DA:208,1
DA:209,1
DA:210,1
DA:211,1
DA:212,1
DA:215,1
DA:216,11
DA:217,1
DA:218,1
DA:219,1
DA:220,1
DA:221,1
DA:224,1
DA:225,1
DA:226,1
DA:227,1
DA:228,1
DA:229,1
DA:230,1
DA:231,1
DA:232,1
DA:233,1
DA:234,1
DA:235,1
DA:236,1
DA:237,1
DA:238,1
DA:239,1
DA:240,1
DA:241,1
DA:244,1
DA:245,1
DA:246,1
DA:247,1
DA:248,1
DA:249,1
DA:252,1
DA:253,1
DA:254,1
DA:255,1
DA:256,1
DA:257,1
DA:258,1
DA:261,1
DA:262,1
DA:263,1
DA:264,1
DA:265,1
DA:266,1
DA:267,1
DA:268,1
DA:269,1
DA:270,1
DA:271,1
DA:272,1
DA:273,1
DA:274,7
DA:275,5
DA:276,1
DA:279,1
DA:280,1
DA:281,1
DA:282,1
DA:283,1
DA:284,1
DA:285,1
DA:286,1
DA:287,1
DA:288,1
DA:289,1
DA:290,1
DA:291,1
DA:292,7
DA:293,5
DA:294,1
DA:297,1
DA:298,1
DA:299,1
DA:300,1
DA:301,1
DA:302,1
DA:303,1
DA:304,1
DA:305,1
DA:306,1
DA:307,1
DA:308,1
DA:309,1
DA:310,9
DA:311,1
DA:312,8
DA:313,2
DA:314,1
DA:315,1
DA:316,1
DA:317,1
DA:320,1
DA:321,1
DA:322,1
DA:323,1
DA:324,1
DA:325,1
DA:326,1
DA:327,1
DA:328,1
DA:329,1
DA:330,1
DA:331,1
DA:332,1
DA:333,5
DA:335,3
DA:336,4
DA:337,1
DA:340,1
DA:341,1
DA:342,1
DA:343,1
DA:344,1
DA:347,1
DA:348,1
DA:349,1
DA:350,1
DA:351,1
DA:352,1
DA:353,1
DA:354,1
DA:355,1
DA:356,1
DA:357,1
DA:358,1
DA:359,1
DA:360,1
DA:361,1
DA:362,1
DA:365,1
DA:366,1
DA:367,1
DA:368,1
DA:369,1
DA:370,1
DA:371,1
DA:372,1
DA:375,1
DA:376,1
DA:377,1
DA:378,1
DA:381,1
DA:382,1
DA:383,1
DA:385,1
DA:386,1
DA:387,1
DA:388,1
DA:389,1
DA:390,1
DA:391,1
DA:392,1
DA:393,1
DA:394,1
DA:395,1
DA:396,1
DA:397,1
DA:405,1
DA:406,1
DA:409,1
DA:410,1
DA:411,1
DA:412,1
DA:413,1
DA:414,1
DA:415,1
DA:417,1
DA:419,1
DA:420,1
DA:423,1
DA:424,1
DA:425,1
DA:427,1
DA:429,1
DA:430,1
DA:432,1
DA:433,1
DA:438,1
DA:439,1
DA:441,1
DA:442,1
DA:445,1
DA:446,1
DA:447,1
DA:448,1
DA:449,1
DA:450,1
DA:451,1
DA:452,1
DA:453,1
DA:454,1
DA:455,1
DA:456,1
DA:457,1
DA:458,1
DA:461,1
DA:462,1
DA:463,1
DA:465,1
DA:466,1
DA:468,1
DA:472,1
DA:473,1
BRF:0
BRH:0
LF:348
LH:319
end_of_record