SF:/home/g4/_prj/weaveback/crates/weaveback-py/src/lib.rs
FN:65,_RNCNvMs7_Cs3Hly7npXzCO_10__weavebackNtB7_11PyWorkspace17apply_change_plan0B7_
FN:56,_RNCNvMs7_Cs3Hly7npXzCO_10__weavebackNtB7_11PyWorkspace19preview_change_plan0B7_
FN:47,_RNCNvMs7_Cs3Hly7npXzCO_10__weavebackNtB7_11PyWorkspace20validate_change_plan0B7_
FN:38,_RNCNvMs7_Cs3Hly7npXzCO_10__weavebackNtB7_11PyWorkspace5trace0B7_
FN:30,_RNCNvMs7_Cs3Hly7npXzCO_10__weavebackNtB7_11PyWorkspace6search0B7_
FN:82,_RNvNtCs3Hly7npXzCO_10__weaveback5testss_23test_py_workspace_basic
FN:71,_RNvCs3Hly7npXzCO_10__weaveback10__weaveback
FN:60,_RNvMs7_Cs3Hly7npXzCO_10__weavebackNtB5_11PyWorkspace17apply_change_plan
FN:51,_RNvMs7_Cs3Hly7npXzCO_10__weavebackNtB5_11PyWorkspace19preview_change_plan
FN:42,_RNvMs7_Cs3Hly7npXzCO_10__weavebackNtB5_11PyWorkspace20validate_change_plan
FN:14,_RNvMs7_Cs3Hly7npXzCO_10__weavebackNtB5_11PyWorkspace3new
FN:34,_RNvMs7_Cs3Hly7npXzCO_10__weavebackNtB5_11PyWorkspace5trace
FN:26,_RNvMs7_Cs3Hly7npXzCO_10__weavebackNtB5_11PyWorkspace6search
FN:92,_RNCNvNtCs3Hly7npXzCO_10__weaveback5testss_23test_py_workspace_basic0B5_
FNDA:1,_RNCNvMs7_Cs3Hly7npXzCO_10__weavebackNtB7_11PyWorkspace17apply_change_plan0B7_
FNDA:0,_RNCNvMs7_Cs3Hly7npXzCO_10__weavebackNtB7_11PyWorkspace19preview_change_plan0B7_
FNDA:1,_RNCNvMs7_Cs3Hly7npXzCO_10__weavebackNtB7_11PyWorkspace20validate_change_plan0B7_
FNDA:1,_RNCNvMs7_Cs3Hly7npXzCO_10__weavebackNtB7_11PyWorkspace5trace0B7_
FNDA:1,_RNCNvMs7_Cs3Hly7npXzCO_10__weavebackNtB7_11PyWorkspace6search0B7_
FNDA:1,_RNvNtCs3Hly7npXzCO_10__weaveback5testss_23test_py_workspace_basic
FNDA:0,_RNvCs3Hly7npXzCO_10__weaveback10__weaveback
FNDA:1,_RNvMs7_Cs3Hly7npXzCO_10__weavebackNtB5_11PyWorkspace17apply_change_plan
FNDA:1,_RNvMs7_Cs3Hly7npXzCO_10__weavebackNtB5_11PyWorkspace19preview_change_plan
FNDA:1,_RNvMs7_Cs3Hly7npXzCO_10__weavebackNtB5_11PyWorkspace20validate_change_plan
FNDA:1,_RNvMs7_Cs3Hly7npXzCO_10__weavebackNtB5_11PyWorkspace3new
FNDA:1,_RNvMs7_Cs3Hly7npXzCO_10__weavebackNtB5_11PyWorkspace5trace
FNDA:1,_RNvMs7_Cs3Hly7npXzCO_10__weavebackNtB5_11PyWorkspace6search
FNDA:1,_RNCNvNtCs3Hly7npXzCO_10__weaveback5testss_23test_py_workspace_basic0B5_
FNF:14
FNH:12
DA:14,1
DA:15,1
DA:16,1
DA:17,1
DA:18,1
DA:19,1
DA:21,1
DA:22,1
DA:23,1
DA:24,1
DA:26,1
DA:27,1
DA:28,1
DA:29,1
DA:30,1
DA:31,1
DA:32,1
DA:34,1
DA:35,1
DA:36,1
DA:37,1
DA:38,1
DA:39,1
DA:40,1
DA:42,1
DA:43,1
DA:44,1
DA:45,1
DA:46,1
DA:47,1
DA:48,1
DA:49,1
DA:51,1
DA:52,1
DA:53,1
DA:54,1
DA:55,0
DA:56,0
DA:57,0
DA:58,1
DA:60,1
DA:61,1
DA:62,1
DA:63,1
DA:64,1
DA:65,1
DA:66,1
DA:67,1
DA:71,0
DA:72,0
DA:73,0
DA:74,0
DA:82,1
DA:83,1
DA:84,1
DA:85,1
DA:86,1
DA:87,1
DA:90,1
DA:92,1
DA:94,1
DA:95,1
DA:96,1
DA:97,1
DA:101,1
DA:102,1
DA:105,1
DA:106,1
DA:110,1
DA:111,1
DA:112,1
DA:113,1
DA:114,1
DA:115,1
DA:116,1
DA:117,1
DA:118,1
DA:119,1
DA:120,1
DA:121,1
DA:122,1
DA:123,1
DA:124,1
DA:125,1
DA:126,1
DA:127,1
DA:128,1
DA:129,1
DA:131,1
DA:133,1
DA:134,1
DA:135,1
DA:136,1
DA:137,1
BRF:0
BRH:0
LF:100
LH:92
end_of_record